[2024-04-30 16:01:55,072: INFO: common: yaml file: config\config.yaml loaded successfully]
[2024-04-30 16:01:55,077: INFO: common: yaml file: params.yaml loaded successfully]
[2024-04-30 16:02:12,999: INFO: common: yaml file: config\config.yaml loaded successfully]
[2024-04-30 16:02:13,005: INFO: common: yaml file: params.yaml loaded successfully]
[2024-04-30 16:02:13,006: INFO: common: created directory at: artifacts]
[2024-04-30 16:02:13,007: INFO: common: created directory at: artifacts/data_ingestion]
[2024-04-30 16:03:02,893: INFO: common: yaml file: config\config.yaml loaded successfully]
[2024-04-30 16:03:02,894: INFO: common: yaml file: params.yaml loaded successfully]
[2024-04-30 16:03:02,895: INFO: common: created directory at: artifacts]
[2024-04-30 16:03:02,896: INFO: common: created directory at: artifacts/data_ingestion]
[2024-04-30 16:03:20,441: INFO: common: yaml file: config\config.yaml loaded successfully]
[2024-04-30 16:03:20,442: INFO: common: yaml file: params.yaml loaded successfully]
[2024-04-30 16:03:20,443: INFO: common: created directory at: artifacts]
[2024-04-30 16:03:20,444: INFO: common: created directory at: artifacts/data_ingestion]
[2024-04-30 16:03:49,291: INFO: common: yaml file: config\config.yaml loaded successfully]
[2024-04-30 16:03:49,292: INFO: common: yaml file: params.yaml loaded successfully]
[2024-04-30 16:03:49,293: INFO: common: created directory at: artifacts]
[2024-04-30 16:03:49,294: INFO: common: created directory at: artifacts/data_ingestion]
[2024-04-30 16:05:32,168: INFO: common: yaml file: config\config.yaml loaded successfully]
[2024-04-30 16:05:32,169: INFO: common: yaml file: params.yaml loaded successfully]
[2024-04-30 16:05:32,170: INFO: common: created directory at: artifacts]
[2024-04-30 16:05:32,171: INFO: common: created directory at: artifacts/data_ingestion]
[2024-04-30 16:09:05,521: INFO: common: yaml file: config\config.yaml loaded successfully]
[2024-04-30 16:09:05,523: INFO: common: yaml file: params.yaml loaded successfully]
[2024-04-30 16:09:05,524: INFO: common: created directory at: artifacts]
[2024-04-30 16:09:05,525: INFO: common: created directory at: artifacts/data_ingestion]
[2024-04-30 16:09:25,595: INFO: common: yaml file: config\config.yaml loaded successfully]
[2024-04-30 16:09:25,596: INFO: common: yaml file: params.yaml loaded successfully]
[2024-04-30 16:09:25,597: INFO: common: created directory at: artifacts]
[2024-04-30 16:09:39,984: INFO: common: yaml file: config\config.yaml loaded successfully]
[2024-04-30 16:09:39,985: INFO: common: yaml file: params.yaml loaded successfully]
[2024-04-30 16:09:39,986: INFO: common: created directory at: artifacts]
[2024-04-30 16:09:39,987: INFO: common: created directory at: artifacts/data_ingestion]
[2024-04-30 16:26:44,300: INFO: common: yaml file: config\config.yaml loaded successfully]
[2024-04-30 16:26:44,304: INFO: common: yaml file: params.yaml loaded successfully]
[2024-04-30 16:26:44,305: INFO: common: created directory at: artifacts]
[2024-04-30 16:26:44,306: INFO: common: created directory at: artifacts/data_ingestion]
[2024-04-30 16:26:53,641: INFO: common: yaml file: config\config.yaml loaded successfully]
[2024-04-30 16:26:53,642: INFO: common: yaml file: params.yaml loaded successfully]
[2024-04-30 16:26:53,643: INFO: common: created directory at: artifacts]
[2024-04-30 16:26:53,644: INFO: common: created directory at: artifacts/data_ingestion]
[2024-04-30 16:27:00,166: INFO: common: yaml file: config\config.yaml loaded successfully]
[2024-04-30 16:27:00,168: INFO: common: yaml file: params.yaml loaded successfully]
[2024-04-30 16:27:00,169: INFO: common: created directory at: artifacts]
[2024-04-30 16:27:00,170: INFO: common: created directory at: artifacts/data_ingestion]
[2024-04-30 16:27:01,262: INFO: 4189703485: Downloaded data for BTC-USD]
[2024-04-30 16:27:09,733: INFO: common: yaml file: config\config.yaml loaded successfully]
[2024-04-30 16:27:09,734: INFO: common: yaml file: params.yaml loaded successfully]
[2024-04-30 16:27:09,735: INFO: common: created directory at: artifacts]
[2024-04-30 16:27:09,737: INFO: common: created directory at: artifacts/data_ingestion]
[2024-04-30 16:27:09,757: INFO: 4189703485: Downloaded data for BTC-USD]
[2024-04-30 16:28:47,837: INFO: common: yaml file: config\config.yaml loaded successfully]
[2024-04-30 16:28:47,838: INFO: common: yaml file: params.yaml loaded successfully]
[2024-04-30 16:28:47,839: INFO: common: created directory at: artifacts]
[2024-04-30 16:28:47,840: INFO: common: created directory at: artifacts/data_ingestion]
[2024-04-30 16:28:47,881: INFO: 2721317845: Downloaded data for BTC-USD]
[2024-04-30 16:31:04,425: INFO: common: yaml file: config\config.yaml loaded successfully]
[2024-04-30 16:31:04,426: INFO: common: yaml file: params.yaml loaded successfully]
[2024-04-30 16:31:04,427: INFO: common: created directory at: artifacts]
[2024-04-30 16:31:04,429: INFO: common: created directory at: artifacts/data_ingestion]
[2024-04-30 16:31:04,462: INFO: 2721317845: Downloaded data for BTC-USD]
[2024-04-30 16:31:04,510: INFO: 2721317845: Added indicators to DataFrame]
[2024-04-30 16:39:14,043: INFO: common: yaml file: config\config.yaml loaded successfully]
[2024-04-30 16:39:14,046: INFO: common: yaml file: params.yaml loaded successfully]
[2024-04-30 16:39:14,047: INFO: common: created directory at: artifacts]
[2024-04-30 16:39:14,047: INFO: common: created directory at: artifacts/data_ingestion]
[2024-04-30 16:39:14,073: INFO: 423497270: Downloaded data for BTC-USD]
[2024-04-30 16:54:25,730: INFO: common: yaml file: config\config.yaml loaded successfully]
[2024-04-30 16:54:25,731: INFO: common: yaml file: params.yaml loaded successfully]
[2024-04-30 16:54:25,732: INFO: common: created directory at: artifacts]
[2024-04-30 16:54:25,732: INFO: common: created directory at: artifacts/data_ingestion]
[2024-04-30 16:54:25,762: INFO: 4230149052: Downloaded data for BTC-USD]
[2024-04-30 16:54:25,830: INFO: 4230149052: Added indicators to DataFrame]
[2024-04-30 16:56:00,053: ERROR: 4230149052: Error occurred during data download for TRANSACTION : '>=' not supported between instances of 'str' and 'Timestamp']
[2024-04-30 16:58:47,313: INFO: common: yaml file: config\config.yaml loaded successfully]
[2024-04-30 16:58:47,314: INFO: common: yaml file: params.yaml loaded successfully]
[2024-04-30 16:58:47,315: INFO: common: created directory at: artifacts]
[2024-04-30 16:58:47,315: INFO: common: created directory at: artifacts/data_ingestion]
[2024-04-30 16:58:47,344: INFO: 2870590869: Downloaded data for BTC-USD]
[2024-04-30 16:58:47,383: INFO: 2870590869: Added indicators to DataFrame]
[2024-04-30 16:59:28,284: ERROR: 2870590869: Error occurred during data download for TRANSACTION : '>=' not supported between instances of 'str' and 'Timestamp']
[2024-04-30 17:00:06,648: INFO: common: yaml file: config\config.yaml loaded successfully]
[2024-04-30 17:00:06,649: INFO: common: yaml file: params.yaml loaded successfully]
[2024-04-30 17:00:06,650: INFO: common: created directory at: artifacts]
[2024-04-30 17:00:06,651: INFO: common: created directory at: artifacts/data_ingestion]
[2024-04-30 17:00:06,678: INFO: 3063769333: Downloaded data for BTC-USD]
[2024-04-30 17:00:06,757: INFO: 3063769333: Added indicators to DataFrame]
[2024-04-30 17:00:50,954: ERROR: 3063769333: Error occurred during data download for TRANSACTION : '>=' not supported between instances of 'str' and 'Timestamp']
[2024-04-30 17:08:36,463: INFO: common: yaml file: config\config.yaml loaded successfully]
[2024-04-30 17:08:36,464: INFO: common: yaml file: params.yaml loaded successfully]
[2024-04-30 17:08:36,465: INFO: common: created directory at: artifacts]
[2024-04-30 17:08:36,468: INFO: common: created directory at: artifacts/data_ingestion]
[2024-04-30 17:08:36,496: INFO: 2591047120: Downloaded data for BTC-USD]
[2024-04-30 17:08:36,538: INFO: 2591047120: Added indicators to DataFrame]
[2024-04-30 17:09:16,380: INFO: 2591047120: Downloaded data for TRANSACTION]
[2024-04-30 17:09:54,431: INFO: 2591047120: Downloaded data for BLOCKS]
[2024-04-30 17:09:55,391: INFO: 2591047120: Downloaded data for INT_RATE]
[2024-04-30 17:09:55,799: ERROR: 2591047120: Error occurred during data download for STOCK_PRICE : 'DateTime']
[2024-04-30 17:10:41,071: INFO: common: yaml file: config\config.yaml loaded successfully]
[2024-04-30 17:10:41,073: INFO: common: yaml file: params.yaml loaded successfully]
[2024-04-30 17:10:41,074: INFO: common: created directory at: artifacts]
[2024-04-30 17:10:41,075: INFO: common: created directory at: artifacts/data_ingestion]
[2024-04-30 17:10:41,100: INFO: 3689693330: Downloaded data for BTC-USD]
[2024-04-30 17:10:41,138: INFO: 3689693330: Added indicators to DataFrame]
[2024-04-30 17:11:23,056: INFO: 3689693330: Downloaded data for TRANSACTION]
[2024-04-30 17:12:04,217: INFO: 3689693330: Downloaded data for BLOCKS]
[2024-04-30 17:12:04,257: INFO: 3689693330: Downloaded data for INT_RATE]
[2024-04-30 17:12:04,289: INFO: 3689693330: Downloaded data for STOCK_PRICE]
[2024-04-30 17:12:04,817: INFO: 3689693330: Downloaded data for INFLATION]
[2024-04-30 17:12:48,559: INFO: common: yaml file: config\config.yaml loaded successfully]
[2024-04-30 17:12:48,562: INFO: common: yaml file: params.yaml loaded successfully]
[2024-04-30 17:12:48,563: INFO: common: created directory at: artifacts]
[2024-04-30 17:12:48,564: INFO: common: created directory at: artifacts/data_ingestion]
[2024-04-30 17:12:48,595: INFO: 1718886458: Downloaded data for BTC-USD]
[2024-04-30 17:12:48,633: INFO: 1718886458: Added indicators to DataFrame]
[2024-04-30 17:13:27,641: INFO: 1718886458: Downloaded data for TRANSACTION]
[2024-04-30 17:14:06,779: INFO: 1718886458: Downloaded data for BLOCKS]
[2024-04-30 17:14:06,809: INFO: 1718886458: Downloaded data for INT_RATE]
[2024-04-30 17:14:06,838: INFO: 1718886458: Downloaded data for STOCK_PRICE]
[2024-04-30 17:14:06,867: INFO: 1718886458: Downloaded data for INFLATION]
[2024-04-30 17:43:21,741: INFO: main: >>>>>> stage DATA Ingestion stage started <<<<<<]
[2024-04-30 17:43:21,742: INFO: common: yaml file: config\config.yaml loaded successfully]
[2024-04-30 17:43:21,743: INFO: common: yaml file: params.yaml loaded successfully]
[2024-04-30 17:43:21,743: INFO: common: created directory at: artifacts]
[2024-04-30 17:43:21,743: INFO: common: created directory at: artifacts/data_ingestion]
[2024-04-30 17:43:23,268: INFO: data_ingestion: Downloaded data for BTC-USD]
[2024-04-30 17:43:23,309: INFO: data_ingestion: Added indicators to DataFrame]
[2024-04-30 17:44:01,150: INFO: data_ingestion: Downloaded data for TRANSACTION]
[2024-04-30 17:44:58,659: INFO: data_ingestion: Downloaded data for BLOCKS]
[2024-04-30 17:44:59,301: INFO: data_ingestion: Downloaded data for INT_RATE]
[2024-04-30 17:44:59,509: INFO: data_ingestion: Downloaded data for STOCK_PRICE]
[2024-04-30 17:44:59,701: INFO: data_ingestion: Downloaded data for INFLATION]
[2024-04-30 17:44:59,765: INFO: main: >>>>>> stage DATA Ingestion stage completed <<<<<<

x==========x]
[2024-05-03 15:36:57,873: INFO: common: yaml file: config\config.yaml loaded successfully]
[2024-05-03 15:36:57,879: INFO: common: yaml file: params.yaml loaded successfully]
[2024-05-03 15:36:57,881: INFO: common: created directory at: artifacts]
[2024-05-03 15:36:57,882: INFO: common: created directory at: artifacts/data_ingestion]
[2024-05-03 15:38:58,523: INFO: common: yaml file: config\config.yaml loaded successfully]
[2024-05-03 15:38:58,524: INFO: common: yaml file: params.yaml loaded successfully]
[2024-05-03 15:38:58,525: INFO: common: created directory at: artifacts]
[2024-05-03 15:38:58,526: INFO: common: created directory at: artifacts/data_ingestion]
[2024-05-03 15:39:12,499: INFO: common: yaml file: config\config.yaml loaded successfully]
[2024-05-03 15:39:12,500: INFO: common: yaml file: params.yaml loaded successfully]
[2024-05-03 15:39:12,502: INFO: common: created directory at: artifacts]
[2024-05-03 15:39:12,503: INFO: common: created directory at: artifacts/data_ingestion]
[2024-05-03 15:39:45,471: INFO: common: yaml file: config\config.yaml loaded successfully]
[2024-05-03 15:39:45,474: INFO: common: yaml file: params.yaml loaded successfully]
[2024-05-03 15:39:45,475: INFO: common: created directory at: artifacts]
[2024-05-03 15:39:45,476: INFO: common: created directory at: artifacts/data_ingestion]
[2024-05-03 15:40:15,824: INFO: common: yaml file: config\config.yaml loaded successfully]
[2024-05-03 15:40:15,825: INFO: common: yaml file: params.yaml loaded successfully]
[2024-05-03 15:40:15,826: INFO: common: created directory at: artifacts]
[2024-05-03 15:40:15,827: INFO: common: created directory at: artifacts/data_ingestion]
[2024-05-03 15:40:35,495: INFO: common: yaml file: config\config.yaml loaded successfully]
[2024-05-03 15:40:35,496: INFO: common: yaml file: params.yaml loaded successfully]
[2024-05-03 15:40:35,497: INFO: common: created directory at: artifacts]
[2024-05-03 15:40:35,498: INFO: common: created directory at: artifacts/data_ingestion]
[2024-05-03 15:40:35,539: INFO: 441894104: Data loaded successfully for BTC]
[2024-05-03 15:40:35,551: INFO: 441894104: Features selected successfully for BTC]
[2024-05-03 15:40:35,552: INFO: 441894104: Dataset split successfully for BTC]
[2024-05-03 15:40:35,561: INFO: 441894104: Data transformed successfully for BTC]
[2024-05-03 15:40:35,594: INFO: 441894104: Splited dataset saved successfully for BTC]
[2024-05-03 15:40:35,631: INFO: 441894104: Splited and transformed dataset saved successfully for BTC]
[2024-05-03 17:47:38,433: INFO: common: yaml file: config\config.yaml loaded successfully]
[2024-05-03 17:47:38,440: INFO: common: yaml file: params.yaml loaded successfully]
[2024-05-03 17:47:38,441: INFO: common: created directory at: artifacts]
[2024-05-03 17:47:38,441: INFO: common: created directory at: artifacts/data_ingestion]
[2024-05-03 17:47:38,457: INFO: 1109545869: Data loaded successfully for BTC]
[2024-05-03 17:47:38,459: INFO: 1109545869: Features selected successfully for BTC]
[2024-05-03 17:47:38,460: INFO: 1109545869: Dataset split successfully for BTC]
[2024-05-03 17:47:38,465: INFO: 1109545869: Data transformed successfully for BTC]
[2024-05-03 17:47:38,466: ERROR: 1109545869: Error occurred during data transformation and generation: 'DataPreprocessing' object has no attribute 'params']
[2024-05-03 17:52:08,732: INFO: common: yaml file: config\config.yaml loaded successfully]
[2024-05-03 17:52:08,735: INFO: common: yaml file: params.yaml loaded successfully]
[2024-05-03 17:52:08,736: INFO: common: created directory at: artifacts]
[2024-05-03 17:52:08,737: INFO: common: created directory at: artifacts/data_ingestion]
[2024-05-03 17:52:08,751: INFO: 701271474: Data loaded successfully for BTC]
[2024-05-03 17:52:08,752: INFO: 701271474: Features selected successfully for BTC]
[2024-05-03 17:52:08,753: INFO: 701271474: Dataset split successfully for BTC]
[2024-05-03 17:52:08,757: INFO: 701271474: Data transformed successfully for BTC]
[2024-05-03 17:52:08,758: ERROR: 701271474: Error occurred during data transformation and generation: 'DataPreprocessingConfig' object has no attribute 'LOOK_BACK']
[2024-05-03 17:52:52,377: INFO: common: yaml file: config\config.yaml loaded successfully]
[2024-05-03 17:52:52,379: INFO: common: yaml file: params.yaml loaded successfully]
[2024-05-03 17:52:52,380: INFO: common: created directory at: artifacts]
[2024-05-03 17:52:52,381: INFO: common: created directory at: artifacts/data_ingestion]
[2024-05-03 17:52:52,395: INFO: 991060425: Data loaded successfully for BTC]
[2024-05-03 17:52:52,396: INFO: 991060425: Features selected successfully for BTC]
[2024-05-03 17:52:52,398: INFO: 991060425: Dataset split successfully for BTC]
[2024-05-03 17:52:52,404: INFO: 991060425: Data transformed successfully for BTC]
[2024-05-03 17:52:52,417: INFO: 991060425: Data transformation and generation completed successfully]
[2024-05-03 17:52:52,446: INFO: 991060425: Splited dataset saved successfully for BTC]
[2024-05-03 17:52:52,481: INFO: 991060425: Splited and transformed dataset saved successfully for BTC]
[2024-05-03 17:52:52,482: ERROR: 991060425: Error occurred during saving final datasets: 'DataPreprocessingConfig' object has no attribute 'data_final']
[2024-05-03 17:54:30,455: INFO: common: yaml file: config\config.yaml loaded successfully]
[2024-05-03 17:54:30,457: INFO: common: yaml file: params.yaml loaded successfully]
[2024-05-03 17:54:30,458: INFO: common: created directory at: artifacts]
[2024-05-03 17:54:30,458: INFO: common: created directory at: artifacts/data_ingestion]
[2024-05-03 17:54:30,472: INFO: 2293713348: Data loaded successfully for BTC]
[2024-05-03 17:54:30,473: INFO: 2293713348: Features selected successfully for BTC]
[2024-05-03 17:54:30,474: INFO: 2293713348: Dataset split successfully for BTC]
[2024-05-03 17:54:30,479: INFO: 2293713348: Data transformed successfully for BTC]
[2024-05-03 17:54:30,491: INFO: 2293713348: Data transformation and generation completed successfully]
[2024-05-03 17:54:30,519: INFO: 2293713348: Splited dataset saved successfully for BTC]
[2024-05-03 17:54:30,554: INFO: 2293713348: Splited and transformed dataset saved successfully for BTC]
[2024-05-03 17:54:30,576: INFO: 2293713348: Final datasets saved successfully at: artifacts/data_final]
[2024-05-05 13:47:40,068: INFO: common: yaml file: config\config.yaml loaded successfully]
[2024-05-05 13:47:40,072: INFO: common: yaml file: params.yaml loaded successfully]
[2024-05-05 13:47:40,073: INFO: common: created directory at: artifacts]
[2024-05-05 13:47:40,073: INFO: common: created directory at: artifacts/prepare_base_model]
[2024-05-05 13:50:06,564: INFO: common: yaml file: config\config.yaml loaded successfully]
[2024-05-05 13:50:06,566: INFO: common: yaml file: params.yaml loaded successfully]
[2024-05-05 13:50:06,566: INFO: common: created directory at: artifacts]
[2024-05-05 13:50:06,567: INFO: common: created directory at: artifacts/prepare_base_model]
[2024-05-05 13:50:50,424: INFO: common: yaml file: config\config.yaml loaded successfully]
[2024-05-05 13:50:50,425: INFO: common: yaml file: params.yaml loaded successfully]
[2024-05-05 13:50:50,426: INFO: common: created directory at: artifacts]
[2024-05-05 13:50:50,428: INFO: common: created directory at: artifacts/prepare_base_model]
[2024-05-05 13:51:02,081: INFO: common: yaml file: config\config.yaml loaded successfully]
[2024-05-05 13:51:02,084: INFO: common: yaml file: params.yaml loaded successfully]
[2024-05-05 13:51:02,085: INFO: common: created directory at: artifacts]
[2024-05-05 13:51:02,086: INFO: common: created directory at: artifacts/prepare_base_model]
[2024-05-05 13:52:50,662: INFO: common: yaml file: config\config.yaml loaded successfully]
[2024-05-05 13:52:50,664: INFO: common: yaml file: params.yaml loaded successfully]
[2024-05-05 13:52:50,664: INFO: common: created directory at: artifacts]
[2024-05-05 13:52:50,665: INFO: common: created directory at: artifacts/prepare_base_model]
[2024-05-05 13:58:26,309: INFO: common: yaml file: config\config.yaml loaded successfully]
[2024-05-05 13:58:26,314: INFO: common: yaml file: params.yaml loaded successfully]
[2024-05-05 13:58:26,315: INFO: common: created directory at: artifacts]
[2024-05-05 13:58:26,316: INFO: common: created directory at: artifacts/prepare_base_model]
[2024-05-05 13:59:18,614: INFO: common: yaml file: config\config.yaml loaded successfully]
[2024-05-05 13:59:18,616: INFO: common: yaml file: params.yaml loaded successfully]
[2024-05-05 13:59:18,617: INFO: common: created directory at: artifacts]
[2024-05-05 13:59:18,618: INFO: common: created directory at: artifacts/prepare_base_model]
[2024-05-05 13:59:25,917: INFO: common: yaml file: config\config.yaml loaded successfully]
[2024-05-05 13:59:25,920: INFO: common: yaml file: params.yaml loaded successfully]
[2024-05-05 13:59:25,921: INFO: common: created directory at: artifacts]
[2024-05-05 13:59:25,922: INFO: common: created directory at: artifacts/prepare_base_model]
[2024-05-05 14:02:26,489: INFO: common: yaml file: config\config.yaml loaded successfully]
[2024-05-05 14:02:26,492: INFO: common: yaml file: params.yaml loaded successfully]
[2024-05-05 14:02:26,493: INFO: common: created directory at: artifacts]
[2024-05-05 14:02:26,494: INFO: common: created directory at: artifacts/prepare_base_model]
[2024-05-05 14:04:03,161: INFO: common: yaml file: config\config.yaml loaded successfully]
[2024-05-05 14:04:03,163: INFO: common: yaml file: params.yaml loaded successfully]
[2024-05-05 14:04:03,164: INFO: common: created directory at: artifacts]
[2024-05-05 14:04:03,165: INFO: common: created directory at: artifacts/prepare_base_model]
[2024-05-05 14:07:34,931: INFO: common: yaml file: config\config.yaml loaded successfully]
[2024-05-05 14:07:34,933: INFO: common: yaml file: params.yaml loaded successfully]
[2024-05-05 14:07:34,934: INFO: common: created directory at: artifacts]
[2024-05-05 14:07:34,935: INFO: common: created directory at: artifacts/prepare_base_model]
[2024-05-05 14:09:48,847: INFO: common: yaml file: config\config.yaml loaded successfully]
[2024-05-05 14:09:48,849: INFO: common: yaml file: params.yaml loaded successfully]
[2024-05-05 14:09:48,849: INFO: common: created directory at: artifacts]
[2024-05-05 14:09:48,850: INFO: common: created directory at: artifacts/prepare_base_model]
[2024-05-05 14:10:20,003: INFO: common: yaml file: config\config.yaml loaded successfully]
[2024-05-05 14:10:20,006: INFO: common: yaml file: params.yaml loaded successfully]
[2024-05-05 14:10:20,006: INFO: common: created directory at: artifacts]
[2024-05-05 14:10:20,007: INFO: common: created directory at: artifacts/prepare_base_model]
[2024-05-05 14:11:11,464: INFO: common: yaml file: config\config.yaml loaded successfully]
[2024-05-05 14:11:11,466: INFO: common: yaml file: params.yaml loaded successfully]
[2024-05-05 14:11:11,466: INFO: common: created directory at: artifacts]
[2024-05-05 14:11:11,468: INFO: common: created directory at: artifacts/prepare_base_model]
[2024-05-05 14:11:23,495: INFO: common: yaml file: config\config.yaml loaded successfully]
[2024-05-05 14:11:23,498: INFO: common: yaml file: params.yaml loaded successfully]
[2024-05-05 14:11:23,500: INFO: common: created directory at: artifacts]
[2024-05-05 14:11:23,501: INFO: common: created directory at: artifacts/prepare_base_model]
[2024-05-05 14:19:52,058: INFO: common: yaml file: config\config.yaml loaded successfully]
[2024-05-05 14:19:52,060: INFO: common: yaml file: params.yaml loaded successfully]
[2024-05-05 14:19:52,061: INFO: common: created directory at: artifacts]
[2024-05-05 14:19:52,062: INFO: common: created directory at: artifacts/prepare_base_model]
[2024-05-05 14:20:57,592: INFO: common: yaml file: config\config.yaml loaded successfully]
[2024-05-05 14:20:57,595: INFO: common: yaml file: params.yaml loaded successfully]
[2024-05-05 14:20:57,596: INFO: common: created directory at: artifacts]
[2024-05-05 14:20:57,597: INFO: common: created directory at: artifacts/prepare_base_model]
[2024-05-05 14:20:57,746: WARNING: saving_api: You are saving your model as an HDF5 file via `model.save()` or `keras.saving.save_model(model)`. This file format is considered legacy. We recommend using instead the native Keras format, e.g. `model.save('my_model.keras')` or `keras.saving.save_model(model, 'my_model.keras')`. ]
[2024-05-05 15:15:59,163: INFO: common: yaml file: config\config.yaml loaded successfully]
[2024-05-05 15:15:59,174: INFO: common: yaml file: params.yaml loaded successfully]
[2024-05-05 15:15:59,176: INFO: common: created directory at: artifacts]
[2024-05-05 15:15:59,177: INFO: common: created directory at: artifacts/prepare_base_model]
[2024-05-05 15:15:59,192: INFO: 2828953908: Downloading trainX successful]
[2024-05-05 15:15:59,196: INFO: 2828953908: Downloading trainX successful]
[2024-05-05 15:15:59,279: INFO: 2828953908: Compiling model completed]
[2024-05-05 15:15:59,280: WARNING: saving_api: You are saving your model as an HDF5 file via `model.save()` or `keras.saving.save_model(model)`. This file format is considered legacy. We recommend using instead the native Keras format, e.g. `model.save('my_model.keras')` or `keras.saving.save_model(model, 'my_model.keras')`. ]
[2024-05-05 15:15:59,305: INFO: 2828953908: model saved]
[2024-05-05 15:22:38,779: INFO: main: >>>>>> stage DATA Ingestion stage started <<<<<<]
[2024-05-05 15:22:38,781: INFO: common: yaml file: config\config.yaml loaded successfully]
[2024-05-05 15:22:38,782: INFO: common: yaml file: params.yaml loaded successfully]
[2024-05-05 15:22:38,783: INFO: common: created directory at: artifacts]
[2024-05-05 15:22:38,783: INFO: common: created directory at: artifacts/data_ingestion]
[2024-05-05 15:22:40,448: INFO: data_ingestion: Downloaded data for BTC-USD]
[2024-05-05 15:22:40,492: INFO: data_ingestion: Added indicators to DataFrame]
[2024-05-05 15:23:20,065: INFO: data_ingestion: Downloaded data for TRANSACTION]
[2024-05-05 15:24:01,519: INFO: data_ingestion: Downloaded data for BLOCKS]
[2024-05-05 15:24:01,964: INFO: data_ingestion: Downloaded data for INT_RATE]
[2024-05-05 15:24:02,242: INFO: data_ingestion: Downloaded data for STOCK_PRICE]
[2024-05-05 15:24:02,504: INFO: data_ingestion: Downloaded data for INFLATION]
[2024-05-05 15:24:02,564: INFO: main: >>>>>> stage DATA Ingestion stage completed <<<<<<

x==========x]
[2024-05-05 15:24:02,564: INFO: main: >>>>>> stage DATA Preprocessing stage started <<<<<<]
[2024-05-05 15:24:02,566: INFO: common: yaml file: config\config.yaml loaded successfully]
[2024-05-05 15:24:02,567: INFO: common: yaml file: params.yaml loaded successfully]
[2024-05-05 15:24:02,567: INFO: common: created directory at: artifacts]
[2024-05-05 15:24:02,568: INFO: common: created directory at: artifacts/data_ingestion]
[2024-05-05 15:24:02,596: INFO: data_preprocessing: Data loaded successfully for BTC]
[2024-05-05 15:24:02,597: INFO: data_preprocessing: Features selected successfully for BTC]
[2024-05-05 15:24:02,597: INFO: data_preprocessing: Dataset split successfully for BTC]
[2024-05-05 15:24:02,603: INFO: data_preprocessing: Data transformed successfully for BTC]
[2024-05-05 15:24:02,616: INFO: data_preprocessing: Data transformation and generation completed successfully]
[2024-05-05 15:24:02,646: INFO: data_preprocessing: Splited dataset saved successfully for BTC]
[2024-05-05 15:24:02,682: INFO: data_preprocessing: Splited and transformed dataset saved successfully for BTC]
[2024-05-05 15:24:02,703: INFO: data_preprocessing: Final datasets saved successfully at: artifacts/data_final]
[2024-05-05 15:24:02,706: INFO: main: >>>>>> stage DATA Preprocessing stage completed <<<<<<

x==========x]
[2024-05-05 15:24:02,707: INFO: main: >>>>>> stage Prepare base model stage started <<<<<<]
[2024-05-05 15:24:02,709: INFO: common: yaml file: config\config.yaml loaded successfully]
[2024-05-05 15:24:02,711: INFO: common: yaml file: params.yaml loaded successfully]
[2024-05-05 15:24:02,711: INFO: common: created directory at: artifacts]
[2024-05-05 15:24:02,712: INFO: common: created directory at: artifacts/prepare_base_model]
[2024-05-05 15:24:02,712: ERROR: main: PrepareBaseModelConfig() takes no arguments]
Traceback (most recent call last):
  File "C:\Users\amenm\OneDrive\Desktop\Predecting_BTC_Price\Bitcoin_predection_price\main.py", line 33, in <module>
    prepare_base_model.main()
  File "C:\Users\amenm\OneDrive\Desktop\Predecting_BTC_Price\Bitcoin_predection_price\src\LSTM_BTC_Prediction\pipeline\satge_03_prepare_base_model.py", line 13, in main
    prepare_base_model_config = config.get_prepare_base_model_config()
  File "C:\Users\amenm\OneDrive\Desktop\Predecting_BTC_Price\Bitcoin_predection_price\src\LSTM_BTC_Prediction\config\configuration.py", line 52, in get_prepare_base_model_config
    prepare_base_model_config=PrepareBaseModelConfig(
TypeError: PrepareBaseModelConfig() takes no arguments
[2024-05-05 15:26:32,070: INFO: common: yaml file: config\config.yaml loaded successfully]
[2024-05-05 15:26:32,071: INFO: common: yaml file: params.yaml loaded successfully]
[2024-05-05 15:26:32,072: INFO: common: created directory at: artifacts]
[2024-05-05 15:26:32,073: INFO: common: created directory at: artifacts/prepare_base_model]
[2024-05-05 15:26:32,081: INFO: 2828953908: Downloading trainX successful]
[2024-05-05 15:26:32,085: INFO: 2828953908: Downloading trainX successful]
[2024-05-05 15:26:32,159: INFO: 2828953908: Compiling model completed]
[2024-05-05 15:26:32,160: WARNING: saving_api: You are saving your model as an HDF5 file via `model.save()` or `keras.saving.save_model(model)`. This file format is considered legacy. We recommend using instead the native Keras format, e.g. `model.save('my_model.keras')` or `keras.saving.save_model(model, 'my_model.keras')`. ]
[2024-05-05 15:26:32,172: INFO: 2828953908: model saved]
[2024-05-05 15:31:52,088: INFO: main: >>>>>> stage DATA Ingestion stage started <<<<<<]
[2024-05-05 15:31:52,091: INFO: common: yaml file: config\config.yaml loaded successfully]
[2024-05-05 15:31:52,092: INFO: common: yaml file: params.yaml loaded successfully]
[2024-05-05 15:31:52,092: INFO: common: created directory at: artifacts]
[2024-05-05 15:31:52,093: INFO: common: created directory at: artifacts/data_ingestion]
[2024-05-05 15:31:52,993: INFO: data_ingestion: Downloaded data for BTC-USD]
[2024-05-05 15:31:53,034: INFO: data_ingestion: Added indicators to DataFrame]
[2024-05-05 15:32:53,389: INFO: data_ingestion: Downloaded data for TRANSACTION]
[2024-05-05 15:33:34,234: INFO: data_ingestion: Downloaded data for BLOCKS]
[2024-05-05 15:33:34,885: INFO: data_ingestion: Downloaded data for INT_RATE]
[2024-05-05 15:33:35,097: INFO: data_ingestion: Downloaded data for STOCK_PRICE]
[2024-05-05 15:33:35,333: INFO: data_ingestion: Downloaded data for INFLATION]
[2024-05-05 15:33:35,396: INFO: main: >>>>>> stage DATA Ingestion stage completed <<<<<<

x==========x]
[2024-05-05 15:33:35,397: INFO: main: >>>>>> stage DATA Preprocessing stage started <<<<<<]
[2024-05-05 15:33:35,398: INFO: common: yaml file: config\config.yaml loaded successfully]
[2024-05-05 15:33:35,400: INFO: common: yaml file: params.yaml loaded successfully]
[2024-05-05 15:33:35,400: INFO: common: created directory at: artifacts]
[2024-05-05 15:33:35,400: INFO: common: created directory at: artifacts/data_ingestion]
[2024-05-05 15:33:35,418: INFO: data_preprocessing: Data loaded successfully for BTC]
[2024-05-05 15:33:35,420: INFO: data_preprocessing: Features selected successfully for BTC]
[2024-05-05 15:33:35,420: INFO: data_preprocessing: Dataset split successfully for BTC]
[2024-05-05 15:33:35,426: INFO: data_preprocessing: Data transformed successfully for BTC]
[2024-05-05 15:33:35,438: INFO: data_preprocessing: Data transformation and generation completed successfully]
[2024-05-05 15:33:35,466: INFO: data_preprocessing: Splited dataset saved successfully for BTC]
[2024-05-05 15:33:35,504: INFO: data_preprocessing: Splited and transformed dataset saved successfully for BTC]
[2024-05-05 15:33:35,526: INFO: data_preprocessing: Final datasets saved successfully at: artifacts/data_final]
[2024-05-05 15:33:35,528: INFO: main: >>>>>> stage DATA Preprocessing stage completed <<<<<<

x==========x]
[2024-05-05 15:33:35,528: INFO: main: >>>>>> stage Prepare base model stage started <<<<<<]
[2024-05-05 15:33:35,530: INFO: common: yaml file: config\config.yaml loaded successfully]
[2024-05-05 15:33:35,531: INFO: common: yaml file: params.yaml loaded successfully]
[2024-05-05 15:33:35,533: INFO: common: created directory at: artifacts]
[2024-05-05 15:33:35,533: INFO: common: created directory at: artifacts/prepare_base_model]
[2024-05-05 15:33:35,533: ERROR: main: PrepareBaseModelConfig() takes no arguments]
Traceback (most recent call last):
  File "C:\Users\amenm\OneDrive\Desktop\Predecting_BTC_Price\Bitcoin_predection_price\main.py", line 33, in <module>
    prepare_base_model.main()
  File "C:\Users\amenm\OneDrive\Desktop\Predecting_BTC_Price\Bitcoin_predection_price\src\LSTM_BTC_Prediction\pipeline\satge_03_prepare_base_model.py", line 13, in main
    prepare_base_model_config = config.get_prepare_base_model_config()
  File "C:\Users\amenm\OneDrive\Desktop\Predecting_BTC_Price\Bitcoin_predection_price\src\LSTM_BTC_Prediction\config\configuration.py", line 52, in get_prepare_base_model_config
    prepare_base_model_config=PrepareBaseModelConfig(
TypeError: PrepareBaseModelConfig() takes no arguments
[2024-05-05 15:39:06,754: INFO: common: yaml file: config\config.yaml loaded successfully]
[2024-05-05 15:39:06,757: INFO: common: yaml file: params.yaml loaded successfully]
[2024-05-05 15:39:06,759: INFO: common: created directory at: artifacts]
[2024-05-05 15:39:06,760: INFO: common: created directory at: artifacts/prepare_base_model]
[2024-05-05 15:39:06,770: INFO: 2828953908: Downloading trainX successful]
[2024-05-05 15:39:06,775: INFO: 2828953908: Downloading trainX successful]
[2024-05-05 15:39:06,911: INFO: 2828953908: Compiling model completed]
[2024-05-05 15:39:06,912: WARNING: saving_api: You are saving your model as an HDF5 file via `model.save()` or `keras.saving.save_model(model)`. This file format is considered legacy. We recommend using instead the native Keras format, e.g. `model.save('my_model.keras')` or `keras.saving.save_model(model, 'my_model.keras')`. ]
[2024-05-05 15:39:06,959: INFO: 2828953908: model saved]
[2024-05-05 15:40:38,313: INFO: main: >>>>>> stage DATA Ingestion stage started <<<<<<]
[2024-05-05 15:40:38,315: INFO: common: yaml file: config\config.yaml loaded successfully]
[2024-05-05 15:40:38,316: INFO: common: yaml file: params.yaml loaded successfully]
[2024-05-05 15:40:38,316: INFO: common: created directory at: artifacts]
[2024-05-05 15:40:38,316: INFO: common: created directory at: artifacts/data_ingestion]
[2024-05-05 15:40:39,333: INFO: data_ingestion: Downloaded data for BTC-USD]
[2024-05-05 15:40:39,371: INFO: data_ingestion: Added indicators to DataFrame]
[2024-05-05 15:41:20,539: INFO: data_ingestion: Downloaded data for TRANSACTION]
[2024-05-05 15:42:18,935: INFO: data_ingestion: Downloaded data for BLOCKS]
[2024-05-05 15:42:19,718: INFO: data_ingestion: Downloaded data for INT_RATE]
[2024-05-05 15:42:19,932: INFO: data_ingestion: Downloaded data for STOCK_PRICE]
[2024-05-05 15:42:20,609: INFO: data_ingestion: Downloaded data for INFLATION]
[2024-05-05 15:42:20,675: INFO: main: >>>>>> stage DATA Ingestion stage completed <<<<<<

x==========x]
[2024-05-05 15:42:20,676: INFO: main: >>>>>> stage DATA Preprocessing stage started <<<<<<]
[2024-05-05 15:42:20,678: INFO: common: yaml file: config\config.yaml loaded successfully]
[2024-05-05 15:42:20,680: INFO: common: yaml file: params.yaml loaded successfully]
[2024-05-05 15:42:20,680: INFO: common: created directory at: artifacts]
[2024-05-05 15:42:20,680: INFO: common: created directory at: artifacts/data_ingestion]
[2024-05-05 15:42:20,702: INFO: data_preprocessing: Data loaded successfully for BTC]
[2024-05-05 15:42:20,704: INFO: data_preprocessing: Features selected successfully for BTC]
[2024-05-05 15:42:20,704: INFO: data_preprocessing: Dataset split successfully for BTC]
[2024-05-05 15:42:20,710: INFO: data_preprocessing: Data transformed successfully for BTC]
[2024-05-05 15:42:20,724: INFO: data_preprocessing: Data transformation and generation completed successfully]
[2024-05-05 15:42:20,757: INFO: data_preprocessing: Splited dataset saved successfully for BTC]
[2024-05-05 15:42:20,796: INFO: data_preprocessing: Splited and transformed dataset saved successfully for BTC]
[2024-05-05 15:42:20,819: INFO: data_preprocessing: Final datasets saved successfully at: artifacts/data_final]
[2024-05-05 15:42:20,822: INFO: main: >>>>>> stage DATA Preprocessing stage completed <<<<<<

x==========x]
[2024-05-05 15:42:20,823: INFO: main: >>>>>> stage Prepare base model stage started <<<<<<]
[2024-05-05 15:42:20,825: INFO: common: yaml file: config\config.yaml loaded successfully]
[2024-05-05 15:42:20,827: INFO: common: yaml file: params.yaml loaded successfully]
[2024-05-05 15:42:20,827: INFO: common: created directory at: artifacts]
[2024-05-05 15:42:20,828: INFO: common: created directory at: artifacts/prepare_base_model]
[2024-05-05 15:42:20,843: INFO: prepare_base_model: Downloading trainX successful]
[2024-05-05 15:42:20,846: INFO: prepare_base_model: Downloading trainX successful]
[2024-05-05 15:42:20,988: INFO: prepare_base_model: Compiling model completed]
[2024-05-05 15:42:20,989: WARNING: saving_api: You are saving your model as an HDF5 file via `model.save()` or `keras.saving.save_model(model)`. This file format is considered legacy. We recommend using instead the native Keras format, e.g. `model.save('my_model.keras')` or `keras.saving.save_model(model, 'my_model.keras')`. ]
[2024-05-05 15:42:21,015: INFO: prepare_base_model: model saved]
[2024-05-05 15:42:21,015: INFO: main: >>>>>> stage Prepare base model stage completed <<<<<<

x==========x]
[2024-05-05 22:07:47,447: INFO: common: yaml file: config\config.yaml loaded successfully]
[2024-05-05 22:07:47,450: INFO: common: yaml file: params.yaml loaded successfully]
[2024-05-05 22:07:47,452: INFO: common: created directory at: artifacts]
[2024-05-05 22:07:47,453: INFO: common: created directory at: artifacts/training]
[2024-05-05 22:07:47,453: ERROR: 213212811: error loading model module 'keras.api.models' has no attribute 'tf']
[2024-05-05 22:10:11,847: INFO: common: yaml file: config\config.yaml loaded successfully]
[2024-05-05 22:10:11,850: INFO: common: yaml file: params.yaml loaded successfully]
[2024-05-05 22:10:11,851: INFO: common: created directory at: artifacts]
[2024-05-05 22:10:11,852: INFO: common: created directory at: artifacts/training]
[2024-05-05 22:10:11,852: ERROR: 3980851363: error loading model module 'keras.api.models' has no attribute 'tf']
[2024-05-05 22:11:19,229: INFO: common: yaml file: config\config.yaml loaded successfully]
[2024-05-05 22:11:19,231: INFO: common: yaml file: params.yaml loaded successfully]
[2024-05-05 22:11:19,232: INFO: common: created directory at: artifacts]
[2024-05-05 22:11:19,233: INFO: common: created directory at: artifacts/training]
[2024-05-05 22:11:19,233: ERROR: 261112718: error loading model module 'keras.api.models' has no attribute 'tf']
[2024-05-05 22:13:52,967: INFO: common: yaml file: config\config.yaml loaded successfully]
[2024-05-05 22:13:52,970: INFO: common: yaml file: params.yaml loaded successfully]
[2024-05-05 22:13:52,971: INFO: common: created directory at: artifacts]
[2024-05-05 22:13:52,972: INFO: common: created directory at: artifacts/training]
[2024-05-05 22:13:52,972: ERROR: 223075277: error loading model module 'keras.api.models' has no attribute 'tf']
[2024-05-05 22:14:03,372: INFO: common: yaml file: config\config.yaml loaded successfully]
[2024-05-05 22:14:03,374: INFO: common: yaml file: params.yaml loaded successfully]
[2024-05-05 22:14:03,375: INFO: common: created directory at: artifacts]
[2024-05-05 22:14:03,376: INFO: common: created directory at: artifacts/training]
[2024-05-05 22:14:03,376: ERROR: 4210236160: error loading model module 'keras.api.models' has no attribute 'tf']
[2024-05-05 22:16:16,928: INFO: common: yaml file: config\config.yaml loaded successfully]
[2024-05-05 22:16:16,929: INFO: common: yaml file: params.yaml loaded successfully]
[2024-05-05 22:16:16,930: INFO: common: created directory at: artifacts]
[2024-05-05 22:16:16,931: INFO: common: created directory at: artifacts/training]
[2024-05-05 22:16:16,931: ERROR: 4210236160: error loading model module 'keras.api.models' has no attribute 'tf']
[2024-05-05 22:16:20,149: INFO: common: yaml file: config\config.yaml loaded successfully]
[2024-05-05 22:16:20,151: INFO: common: yaml file: params.yaml loaded successfully]
[2024-05-05 22:16:20,153: INFO: common: created directory at: artifacts]
[2024-05-05 22:16:20,153: INFO: common: created directory at: artifacts/training]
[2024-05-05 22:16:20,153: ERROR: 4210236160: error loading model module 'keras.api.models' has no attribute 'tf']
[2024-05-05 22:16:40,360: ERROR: 4210236160: error loading model module 'keras.api.models' has no attribute 'tf']
[2024-05-05 22:17:25,021: INFO: common: yaml file: config\config.yaml loaded successfully]
[2024-05-05 22:17:25,023: INFO: common: yaml file: params.yaml loaded successfully]
[2024-05-05 22:17:25,023: INFO: common: created directory at: artifacts]
[2024-05-05 22:17:25,025: INFO: common: created directory at: artifacts/training]
[2024-05-05 22:17:40,688: INFO: common: yaml file: config\config.yaml loaded successfully]
[2024-05-05 22:17:40,690: INFO: common: yaml file: params.yaml loaded successfully]
[2024-05-05 22:17:40,691: INFO: common: created directory at: artifacts]
[2024-05-05 22:17:40,692: INFO: common: created directory at: artifacts/training]
[2024-05-05 22:17:40,861: WARNING: saving_utils: Compiled the loaded model, but the compiled metrics have yet to be built. `model.compile_metrics` will be empty until you train or evaluate the model.]
[2024-05-05 22:17:40,863: INFO: 4247706897: Model loaded successfully]
[2024-05-05 22:17:52,747: INFO: common: yaml file: config\config.yaml loaded successfully]
[2024-05-05 22:17:52,749: INFO: common: yaml file: params.yaml loaded successfully]
[2024-05-05 22:17:52,750: INFO: common: created directory at: artifacts]
[2024-05-05 22:17:52,751: INFO: common: created directory at: artifacts/training]
[2024-05-05 22:17:52,832: WARNING: saving_utils: Compiled the loaded model, but the compiled metrics have yet to be built. `model.compile_metrics` will be empty until you train or evaluate the model.]
[2024-05-05 22:17:52,833: INFO: 4247706897: Model loaded successfully]
[2024-05-05 22:19:47,397: INFO: common: yaml file: config\config.yaml loaded successfully]
[2024-05-05 22:19:47,399: INFO: common: yaml file: params.yaml loaded successfully]
[2024-05-05 22:19:47,399: INFO: common: created directory at: artifacts]
[2024-05-05 22:19:47,400: INFO: common: created directory at: artifacts/training]
[2024-05-05 22:19:47,483: WARNING: saving_utils: Compiled the loaded model, but the compiled metrics have yet to be built. `model.compile_metrics` will be empty until you train or evaluate the model.]
[2024-05-05 22:19:47,485: INFO: 4247706897: Model loaded successfully]
[2024-05-05 22:21:33,569: INFO: common: yaml file: config\config.yaml loaded successfully]
[2024-05-05 22:21:33,573: INFO: common: yaml file: params.yaml loaded successfully]
[2024-05-05 22:21:33,574: INFO: common: created directory at: artifacts]
[2024-05-05 22:21:33,576: INFO: common: created directory at: artifacts/prepare_base_model]
[2024-05-05 22:21:33,592: INFO: 2828953908: Downloading trainX successful]
[2024-05-05 22:21:33,604: INFO: 2828953908: Downloading trainX successful]
[2024-05-05 22:21:33,759: INFO: 2828953908: Compiling model completed]
[2024-05-05 22:21:33,760: WARNING: saving_api: You are saving your model as an HDF5 file via `model.save()` or `keras.saving.save_model(model)`. This file format is considered legacy. We recommend using instead the native Keras format, e.g. `model.save('my_model.keras')` or `keras.saving.save_model(model, 'my_model.keras')`. ]
[2024-05-05 22:21:33,782: INFO: 2828953908: model saved]
[2024-05-05 22:21:45,093: INFO: common: yaml file: config\config.yaml loaded successfully]
[2024-05-05 22:21:45,095: INFO: common: yaml file: params.yaml loaded successfully]
[2024-05-05 22:21:45,096: INFO: common: created directory at: artifacts]
[2024-05-05 22:21:45,098: INFO: common: created directory at: artifacts/training]
[2024-05-05 22:21:45,190: WARNING: saving_utils: Compiled the loaded model, but the compiled metrics have yet to be built. `model.compile_metrics` will be empty until you train or evaluate the model.]
[2024-05-05 22:21:45,192: INFO: 4247706897: Model loaded successfully]
[2024-05-05 22:27:41,025: INFO: common: yaml file: config\config.yaml loaded successfully]
[2024-05-05 22:27:41,028: INFO: common: yaml file: params.yaml loaded successfully]
[2024-05-05 22:27:41,028: INFO: common: created directory at: artifacts]
[2024-05-05 22:27:41,029: INFO: common: created directory at: artifacts/training]
[2024-05-05 22:27:41,113: WARNING: saving_utils: Compiled the loaded model, but the compiled metrics have yet to be built. `model.compile_metrics` will be empty until you train or evaluate the model.]
[2024-05-05 22:27:41,115: INFO: 3761168181: Model loaded successfully]
[2024-05-05 22:34:19,571: INFO: common: yaml file: config\config.yaml loaded successfully]
[2024-05-05 22:34:19,573: INFO: common: yaml file: params.yaml loaded successfully]
[2024-05-05 22:34:19,574: INFO: common: created directory at: artifacts]
[2024-05-05 22:34:19,574: INFO: common: created directory at: artifacts/training]
[2024-05-05 22:34:19,682: WARNING: saving_utils: Compiled the loaded model, but the compiled metrics have yet to be built. `model.compile_metrics` will be empty until you train or evaluate the model.]
[2024-05-05 22:34:19,685: INFO: 1644656857: Model loaded successfully]
[2024-05-05 22:34:45,876: INFO: common: yaml file: config\config.yaml loaded successfully]
[2024-05-05 22:34:45,878: INFO: common: yaml file: params.yaml loaded successfully]
[2024-05-05 22:34:45,879: INFO: common: created directory at: artifacts]
[2024-05-05 22:34:45,880: INFO: common: created directory at: artifacts/training]
[2024-05-05 22:34:45,962: WARNING: saving_utils: Compiled the loaded model, but the compiled metrics have yet to be built. `model.compile_metrics` will be empty until you train or evaluate the model.]
[2024-05-05 22:34:45,964: INFO: 2999462192: Model loaded successfully]
[2024-05-05 22:38:33,882: INFO: common: yaml file: config\config.yaml loaded successfully]
[2024-05-05 22:38:33,884: INFO: common: yaml file: params.yaml loaded successfully]
[2024-05-05 22:38:33,885: INFO: common: created directory at: artifacts]
[2024-05-05 22:38:33,886: INFO: common: created directory at: artifacts/data_ingestion]
[2024-05-05 22:38:33,899: INFO: 3239233685: Data loaded successfully for BTC]
[2024-05-05 22:38:33,901: INFO: 3239233685: Features selected successfully for BTC]
[2024-05-05 22:38:33,902: INFO: 3239233685: Dataset split successfully for BTC]
[2024-05-05 22:38:33,909: INFO: 3239233685: Data transformed successfully for BTC]
[2024-05-05 22:38:33,920: INFO: 3239233685: Data transformation and generation completed successfully]
[2024-05-05 22:38:33,950: INFO: 3239233685: Splited dataset saved successfully for BTC]
[2024-05-05 22:38:33,986: INFO: 3239233685: Splited and transformed dataset saved successfully for BTC]
[2024-05-05 22:38:34,008: INFO: 3239233685: Final datasets saved successfully at: artifacts/data_final]
[2024-05-05 22:38:53,592: INFO: common: yaml file: config\config.yaml loaded successfully]
[2024-05-05 22:38:53,595: INFO: common: yaml file: params.yaml loaded successfully]
[2024-05-05 22:38:53,596: INFO: common: created directory at: artifacts]
[2024-05-05 22:38:53,597: INFO: common: created directory at: artifacts/training]
[2024-05-05 22:38:53,684: WARNING: saving_utils: Compiled the loaded model, but the compiled metrics have yet to be built. `model.compile_metrics` will be empty until you train or evaluate the model.]
[2024-05-05 22:38:53,686: INFO: 2999462192: Model loaded successfully]
[2024-05-05 22:40:03,833: INFO: common: yaml file: config\config.yaml loaded successfully]
[2024-05-05 22:40:03,835: INFO: common: yaml file: params.yaml loaded successfully]
[2024-05-05 22:40:03,836: INFO: common: created directory at: artifacts]
[2024-05-05 22:40:03,837: INFO: common: created directory at: artifacts/training]
[2024-05-05 22:40:03,948: WARNING: saving_utils: Compiled the loaded model, but the compiled metrics have yet to be built. `model.compile_metrics` will be empty until you train or evaluate the model.]
[2024-05-05 22:40:03,950: INFO: 2999462192: Model loaded successfully]
[2024-05-05 22:42:44,274: INFO: common: yaml file: config\config.yaml loaded successfully]
[2024-05-05 22:42:44,277: INFO: common: yaml file: params.yaml loaded successfully]
[2024-05-05 22:42:44,278: INFO: common: created directory at: artifacts]
[2024-05-05 22:42:44,279: INFO: common: created directory at: artifacts/training]
[2024-05-05 22:42:44,433: WARNING: saving_utils: Compiled the loaded model, but the compiled metrics have yet to be built. `model.compile_metrics` will be empty until you train or evaluate the model.]
[2024-05-05 22:42:44,437: INFO: 2999462192: Model loaded successfully]
[2024-05-05 22:46:01,673: INFO: common: yaml file: config\config.yaml loaded successfully]
[2024-05-05 22:46:01,675: INFO: common: yaml file: params.yaml loaded successfully]
[2024-05-05 22:46:01,676: INFO: common: created directory at: artifacts]
[2024-05-05 22:46:01,676: INFO: common: created directory at: artifacts/data_ingestion]
[2024-05-05 22:46:01,691: INFO: 3239233685: Data loaded successfully for BTC]
[2024-05-05 22:46:01,692: INFO: 3239233685: Features selected successfully for BTC]
[2024-05-05 22:46:01,693: INFO: 3239233685: Dataset split successfully for BTC]
[2024-05-05 22:46:01,698: INFO: 3239233685: Data transformed successfully for BTC]
[2024-05-05 22:46:01,709: INFO: 3239233685: Data transformation and generation completed successfully]
[2024-05-05 22:46:01,742: INFO: 3239233685: Splited dataset saved successfully for BTC]
[2024-05-05 22:46:01,785: INFO: 3239233685: Splited and transformed dataset saved successfully for BTC]
[2024-05-05 22:46:01,806: INFO: 3239233685: Final datasets saved successfully at: artifacts/data_final]
[2024-05-05 22:47:04,951: INFO: common: yaml file: config\config.yaml loaded successfully]
[2024-05-05 22:47:04,953: INFO: common: yaml file: params.yaml loaded successfully]
[2024-05-05 22:47:04,955: INFO: common: created directory at: artifacts]
[2024-05-05 22:47:04,955: INFO: common: created directory at: artifacts/training]
[2024-05-05 22:47:05,048: WARNING: saving_utils: Compiled the loaded model, but the compiled metrics have yet to be built. `model.compile_metrics` will be empty until you train or evaluate the model.]
[2024-05-05 22:47:05,051: INFO: 2999462192: Model loaded successfully]
[2024-05-05 22:48:16,228: INFO: common: yaml file: config\config.yaml loaded successfully]
[2024-05-05 22:48:16,231: INFO: common: yaml file: params.yaml loaded successfully]
[2024-05-05 22:48:16,232: INFO: common: created directory at: artifacts]
[2024-05-05 22:48:16,233: INFO: common: created directory at: artifacts/training]
[2024-05-05 22:48:16,317: WARNING: saving_utils: Compiled the loaded model, but the compiled metrics have yet to be built. `model.compile_metrics` will be empty until you train or evaluate the model.]
[2024-05-05 22:48:16,319: INFO: 3261201461: Model loaded successfully]
[2024-05-05 22:49:49,143: INFO: common: yaml file: config\config.yaml loaded successfully]
[2024-05-05 22:49:49,149: INFO: common: yaml file: params.yaml loaded successfully]
[2024-05-05 22:49:49,150: INFO: common: created directory at: artifacts]
[2024-05-05 22:49:49,151: INFO: common: created directory at: artifacts/training]
[2024-05-05 22:49:49,299: WARNING: saving_utils: Compiled the loaded model, but the compiled metrics have yet to be built. `model.compile_metrics` will be empty until you train or evaluate the model.]
[2024-05-05 22:49:49,302: INFO: 3261201461: Model loaded successfully]
[2024-05-05 22:58:58,479: INFO: common: yaml file: config\config.yaml loaded successfully]
[2024-05-05 22:58:58,485: INFO: common: yaml file: params.yaml loaded successfully]
[2024-05-05 22:58:58,486: INFO: common: created directory at: artifacts]
[2024-05-05 22:58:58,487: INFO: common: created directory at: artifacts/training]
[2024-05-05 22:58:58,608: WARNING: saving_utils: Compiled the loaded model, but the compiled metrics have yet to be built. `model.compile_metrics` will be empty until you train or evaluate the model.]
[2024-05-05 22:58:58,610: INFO: 3261201461: Model loaded successfully]
[2024-05-05 23:01:40,070: INFO: common: yaml file: config\config.yaml loaded successfully]
[2024-05-05 23:01:40,072: INFO: common: yaml file: params.yaml loaded successfully]
[2024-05-05 23:01:40,074: INFO: common: created directory at: artifacts]
[2024-05-05 23:01:40,075: INFO: common: created directory at: artifacts/training]
[2024-05-05 23:01:40,168: WARNING: saving_utils: Compiled the loaded model, but the compiled metrics have yet to be built. `model.compile_metrics` will be empty until you train or evaluate the model.]
[2024-05-05 23:01:40,171: INFO: 1805138993: Model loaded successfully]
[2024-05-05 23:06:52,799: INFO: common: yaml file: config\config.yaml loaded successfully]
[2024-05-05 23:06:52,801: INFO: common: yaml file: params.yaml loaded successfully]
[2024-05-05 23:06:52,803: INFO: common: created directory at: artifacts]
[2024-05-05 23:06:52,803: INFO: common: created directory at: artifacts/training]
[2024-05-05 23:06:52,901: WARNING: saving_utils: Compiled the loaded model, but the compiled metrics have yet to be built. `model.compile_metrics` will be empty until you train or evaluate the model.]
[2024-05-05 23:06:52,904: INFO: 114354824: Model loaded successfully]
[2024-05-05 23:09:52,274: INFO: common: yaml file: config\config.yaml loaded successfully]
[2024-05-05 23:09:52,277: INFO: common: yaml file: params.yaml loaded successfully]
[2024-05-05 23:09:52,277: INFO: common: created directory at: artifacts]
[2024-05-05 23:09:52,278: INFO: common: created directory at: artifacts/training]
[2024-05-05 23:09:52,360: WARNING: saving_utils: Compiled the loaded model, but the compiled metrics have yet to be built. `model.compile_metrics` will be empty until you train or evaluate the model.]
[2024-05-05 23:09:52,362: INFO: 2710467795: Model loaded successfully]
[2024-05-06 10:37:41,532: INFO: common: yaml file: config\config.yaml loaded successfully]
[2024-05-06 10:37:41,540: INFO: common: yaml file: params.yaml loaded successfully]
[2024-05-06 10:37:41,540: INFO: common: created directory at: artifacts]
[2024-05-06 10:37:41,544: INFO: common: created directory at: artifacts/training]
[2024-05-06 10:37:41,910: WARNING: saving_utils: Compiled the loaded model, but the compiled metrics have yet to be built. `model.compile_metrics` will be empty until you train or evaluate the model.]
[2024-05-06 10:37:41,914: INFO: 2710467795: Model loaded successfully]
[2024-05-06 10:38:54,440: INFO: common: yaml file: config\config.yaml loaded successfully]
[2024-05-06 10:38:54,444: INFO: common: yaml file: params.yaml loaded successfully]
[2024-05-06 10:38:54,444: INFO: common: created directory at: artifacts]
[2024-05-06 10:38:54,444: INFO: common: created directory at: artifacts/training]
[2024-05-06 10:38:54,533: WARNING: saving_utils: Compiled the loaded model, but the compiled metrics have yet to be built. `model.compile_metrics` will be empty until you train or evaluate the model.]
[2024-05-06 10:38:54,537: INFO: 2710467795: Model loaded successfully]
[2024-05-06 10:39:44,036: INFO: common: yaml file: config\config.yaml loaded successfully]
[2024-05-06 10:39:44,041: INFO: common: yaml file: params.yaml loaded successfully]
[2024-05-06 10:39:44,042: INFO: common: created directory at: artifacts]
[2024-05-06 10:39:44,042: INFO: common: created directory at: artifacts/training]
[2024-05-06 10:39:44,151: WARNING: saving_utils: Compiled the loaded model, but the compiled metrics have yet to be built. `model.compile_metrics` will be empty until you train or evaluate the model.]
[2024-05-06 10:39:44,151: INFO: 3420788266: Model loaded successfully]
[2024-05-06 11:42:38,519: INFO: common: yaml file: config\config.yaml loaded successfully]
[2024-05-06 11:42:38,528: INFO: common: yaml file: params.yaml loaded successfully]
[2024-05-06 11:42:38,530: INFO: common: created directory at: artifacts]
[2024-05-06 11:42:38,531: INFO: common: created directory at: artifacts/data_ingestion]
[2024-05-06 11:42:40,395: INFO: 1320676799: Downloaded data for BTC-USD]
[2024-05-06 11:42:40,441: INFO: 1320676799: Added indicators to DataFrame]
[2024-05-06 11:43:21,140: INFO: 1320676799: Downloaded data for TRANSACTION]
[2024-05-06 11:44:00,760: INFO: 1320676799: Downloaded data for BLOCKS]
[2024-05-06 11:44:00,871: INFO: 1320676799: Downloaded data for INT_RATE]
[2024-05-06 11:44:01,283: INFO: 1320676799: Downloaded data for STOCK_PRICE]
[2024-05-06 11:44:01,627: INFO: 1320676799: Downloaded data for INFLATION]
[2024-05-06 11:51:24,151: INFO: common: yaml file: config\config.yaml loaded successfully]
[2024-05-06 11:51:24,153: INFO: common: yaml file: params.yaml loaded successfully]
[2024-05-06 11:51:24,154: INFO: common: created directory at: artifacts]
[2024-05-06 11:51:24,155: INFO: common: created directory at: artifacts/data_ingestion]
[2024-05-06 11:51:24,181: INFO: 209842404: Downloaded data for BTC-USD]
[2024-05-06 11:51:24,221: INFO: 209842404: Added indicators to DataFrame]
[2024-05-06 11:52:04,268: INFO: 209842404: Downloaded data for TRANSACTION]
[2024-05-06 11:52:48,312: INFO: 209842404: Downloaded data for BLOCKS]
[2024-05-06 11:52:48,337: INFO: 209842404: Downloaded data for INT_RATE]
[2024-05-06 11:52:48,367: INFO: 209842404: Downloaded data for STOCK_PRICE]
[2024-05-06 11:52:48,397: INFO: 209842404: Downloaded data for INFLATION]
[2024-05-06 11:54:48,558: INFO: common: yaml file: config\config.yaml loaded successfully]
[2024-05-06 11:54:48,560: INFO: common: yaml file: params.yaml loaded successfully]
[2024-05-06 11:54:48,561: INFO: common: created directory at: artifacts]
[2024-05-06 11:54:48,562: INFO: common: created directory at: artifacts/data_ingestion]
[2024-05-06 11:54:48,600: INFO: 209842404: Downloaded data for BTC-USD]
[2024-05-06 11:54:48,638: INFO: 209842404: Added indicators to DataFrame]
[2024-05-06 11:55:28,087: INFO: 209842404: Downloaded data for TRANSACTION]
[2024-05-06 11:56:10,895: INFO: 209842404: Downloaded data for BLOCKS]
[2024-05-06 11:56:10,930: INFO: 209842404: Downloaded data for INT_RATE]
[2024-05-06 13:32:33,636: INFO: common: yaml file: config\config.yaml loaded successfully]
[2024-05-06 13:32:33,641: INFO: common: yaml file: params.yaml loaded successfully]
[2024-05-06 13:32:33,642: INFO: common: created directory at: artifacts]
[2024-05-06 13:32:33,642: INFO: common: created directory at: artifacts/data_ingestion]
[2024-05-06 13:32:34,640: INFO: 4108913352: Downloaded data for BTC-USD]
[2024-05-06 13:32:34,687: INFO: 4108913352: Added indicators to DataFrame]
[2024-05-06 13:33:19,661: INFO: 4108913352: Downloaded data for TRANSACTION]
[2024-05-06 13:34:02,484: INFO: 4108913352: Downloaded data for BLOCKS]
[2024-05-06 13:34:02,821: INFO: 4108913352: Downloaded data for INT_RATE]
[2024-05-06 13:34:03,072: INFO: 4108913352: Downloaded data for STOCK_PRICE]
[2024-05-06 13:34:59,805: INFO: common: yaml file: config\config.yaml loaded successfully]
[2024-05-06 13:34:59,807: INFO: common: yaml file: params.yaml loaded successfully]
[2024-05-06 13:34:59,808: INFO: common: created directory at: artifacts]
[2024-05-06 13:34:59,809: INFO: common: created directory at: artifacts/data_ingestion]
[2024-05-06 13:34:59,837: INFO: 1205057335: Downloaded data for BTC-USD]
[2024-05-06 13:34:59,874: INFO: 1205057335: Added indicators to DataFrame]
[2024-05-06 13:35:40,363: INFO: 1205057335: Downloaded data for TRANSACTION]
[2024-05-06 13:36:19,737: INFO: 1205057335: Downloaded data for BLOCKS]
[2024-05-06 13:36:19,767: INFO: 1205057335: Downloaded data for INT_RATE]
[2024-05-06 13:36:19,794: ERROR: 1205057335: Error occurred during data download for STOCK_PRICE : No common columns to perform merge on. Merge options: left_on=None, right_on=None, left_index=False, right_index=False]
[2024-05-06 13:39:14,305: INFO: common: yaml file: config\config.yaml loaded successfully]
[2024-05-06 13:39:14,307: INFO: common: yaml file: params.yaml loaded successfully]
[2024-05-06 13:39:14,308: INFO: common: created directory at: artifacts]
[2024-05-06 13:39:14,309: INFO: common: created directory at: artifacts/data_ingestion]
[2024-05-06 13:39:14,332: INFO: 690266749: Downloaded data for BTC-USD]
[2024-05-06 13:39:14,370: INFO: 690266749: Added indicators to DataFrame]
[2024-05-06 13:39:59,444: INFO: 690266749: Downloaded data for TRANSACTION]
[2024-05-06 13:40:38,982: INFO: 690266749: Downloaded data for BLOCKS]
[2024-05-06 13:40:39,011: INFO: 690266749: Downloaded data for INT_RATE]
[2024-05-06 13:49:25,085: INFO: common: yaml file: config\config.yaml loaded successfully]
[2024-05-06 13:49:25,089: INFO: common: yaml file: params.yaml loaded successfully]
[2024-05-06 13:49:25,089: INFO: common: created directory at: artifacts]
[2024-05-06 13:49:25,089: INFO: common: created directory at: artifacts/data_ingestion]
[2024-05-06 13:49:25,123: INFO: 690266749: Downloaded data for BTC-USD]
[2024-05-06 13:49:25,162: INFO: 690266749: Added indicators to DataFrame]
[2024-05-06 13:50:12,153: INFO: 690266749: Downloaded data for TRANSACTION]
[2024-05-06 13:50:59,736: INFO: 690266749: Downloaded data for BLOCKS]
[2024-05-06 13:53:02,968: INFO: common: yaml file: config\config.yaml loaded successfully]
[2024-05-06 13:53:02,970: INFO: common: yaml file: params.yaml loaded successfully]
[2024-05-06 13:53:02,972: INFO: common: created directory at: artifacts]
[2024-05-06 13:53:02,972: INFO: common: created directory at: artifacts/data_ingestion]
[2024-05-06 13:53:03,001: INFO: 690266749: Downloaded data for BTC-USD]
[2024-05-06 13:53:03,041: INFO: 690266749: Added indicators to DataFrame]
[2024-05-06 13:53:51,396: INFO: 690266749: Downloaded data for TRANSACTION]
[2024-05-06 13:54:38,246: INFO: 690266749: Downloaded data for BLOCKS]
[2024-05-06 13:54:38,294: INFO: 690266749: Downloaded data for INT_RATE]
[2024-05-06 14:14:24,998: INFO: common: yaml file: config\config.yaml loaded successfully]
[2024-05-06 14:14:24,998: INFO: common: yaml file: params.yaml loaded successfully]
[2024-05-06 14:14:25,003: INFO: common: created directory at: artifacts]
[2024-05-06 14:14:25,003: INFO: common: created directory at: artifacts/data_ingestion]
[2024-05-06 14:14:25,029: INFO: 3969965794: Downloaded data for BTC-USD]
[2024-05-06 14:14:25,068: INFO: 3969965794: Added indicators to DataFrame]
[2024-05-06 14:15:10,108: INFO: 3969965794: Downloaded data for TRANSACTION]
[2024-05-06 14:15:56,360: INFO: 3969965794: Downloaded data for BLOCKS]
[2024-05-06 14:15:56,401: INFO: 3969965794: Downloaded data for INT_RATE]
[2024-05-06 14:15:56,425: ERROR: 3969965794: Error occurred during data download for STOCK_PRICE : name 'interest_rates' is not defined]
[2024-05-06 14:16:28,694: INFO: common: yaml file: config\config.yaml loaded successfully]
[2024-05-06 14:16:28,698: INFO: common: yaml file: params.yaml loaded successfully]
[2024-05-06 14:16:28,699: INFO: common: created directory at: artifacts]
[2024-05-06 14:16:28,699: INFO: common: created directory at: artifacts/data_ingestion]
[2024-05-06 14:16:28,731: INFO: 134613789: Downloaded data for BTC-USD]
[2024-05-06 14:16:28,779: INFO: 134613789: Added indicators to DataFrame]
[2024-05-06 14:17:12,723: INFO: 134613789: Downloaded data for TRANSACTION]
[2024-05-06 14:18:02,932: INFO: 134613789: Downloaded data for BLOCKS]
[2024-05-06 14:18:02,966: INFO: 134613789: Downloaded data for INT_RATE]
[2024-05-06 14:18:02,995: INFO: 134613789: Downloaded data for STOCK_PRICE]
[2024-05-06 14:20:34,861: INFO: common: yaml file: config\config.yaml loaded successfully]
[2024-05-06 14:20:34,865: INFO: common: yaml file: params.yaml loaded successfully]
[2024-05-06 14:20:34,865: INFO: common: created directory at: artifacts]
[2024-05-06 14:20:34,865: INFO: common: created directory at: artifacts/data_ingestion]
[2024-05-06 14:20:34,893: INFO: 1638166625: Downloaded data for BTC-USD]
[2024-05-06 14:20:34,937: INFO: 1638166625: Added indicators to DataFrame]
[2024-05-06 14:21:01,444: INFO: common: yaml file: config\config.yaml loaded successfully]
[2024-05-06 14:21:01,448: INFO: common: yaml file: params.yaml loaded successfully]
[2024-05-06 14:21:01,448: INFO: common: created directory at: artifacts]
[2024-05-06 14:21:01,448: INFO: common: created directory at: artifacts/data_ingestion]
[2024-05-06 14:21:02,822: INFO: 1638166625: Downloaded data for BTC-USD]
[2024-05-06 14:21:02,858: INFO: 1638166625: Added indicators to DataFrame]
[2024-05-06 14:21:41,364: INFO: 1638166625: Downloaded data for TRANSACTION]
[2024-05-06 14:22:19,191: INFO: 1638166625: Downloaded data for BLOCKS]
[2024-05-06 14:22:19,598: INFO: 1638166625: Downloaded data for INT_RATE]
[2024-05-06 14:22:19,816: INFO: 1638166625: Downloaded data for STOCK_PRICE]
[2024-05-06 14:22:20,069: INFO: 1638166625: Downloaded data for INFLATION]
[2024-05-06 15:16:11,044: INFO: common: yaml file: config\config.yaml loaded successfully]
[2024-05-06 15:16:11,047: INFO: common: yaml file: params.yaml loaded successfully]
[2024-05-06 15:16:11,048: INFO: common: created directory at: artifacts]
[2024-05-06 15:16:11,048: INFO: common: created directory at: artifacts/training]
[2024-05-06 15:16:11,294: WARNING: saving_utils: Compiled the loaded model, but the compiled metrics have yet to be built. `model.compile_metrics` will be empty until you train or evaluate the model.]
[2024-05-06 15:16:11,298: INFO: 2730057079: Model loaded successfully]
[2024-05-06 15:16:54,770: INFO: common: yaml file: config\config.yaml loaded successfully]
[2024-05-06 15:16:54,772: INFO: common: yaml file: params.yaml loaded successfully]
[2024-05-06 15:16:54,772: INFO: common: created directory at: artifacts]
[2024-05-06 15:16:54,773: INFO: common: created directory at: artifacts/data_ingestion]
[2024-05-06 15:16:54,813: INFO: 1638166625: Downloaded data for BTC-USD]
[2024-05-06 15:16:54,856: INFO: 1638166625: Added indicators to DataFrame]
[2024-05-06 15:17:41,842: INFO: 1638166625: Downloaded data for TRANSACTION]
[2024-05-06 15:18:22,714: INFO: 1638166625: Downloaded data for BLOCKS]
[2024-05-06 15:18:22,751: INFO: 1638166625: Downloaded data for INT_RATE]
[2024-05-06 15:18:22,783: INFO: 1638166625: Downloaded data for STOCK_PRICE]
[2024-05-06 15:18:22,828: INFO: 1638166625: Downloaded data for INFLATION]
[2024-05-06 15:19:03,798: INFO: common: yaml file: config\config.yaml loaded successfully]
[2024-05-06 15:19:03,800: INFO: common: yaml file: params.yaml loaded successfully]
[2024-05-06 15:19:03,801: INFO: common: created directory at: artifacts]
[2024-05-06 15:19:03,801: INFO: common: created directory at: artifacts/data_ingestion]
[2024-05-06 15:19:03,825: INFO: 2674098266: Data loaded successfully for BTC]
[2024-05-06 15:19:03,827: INFO: 2674098266: Features selected successfully for BTC]
[2024-05-06 15:19:03,827: INFO: 2674098266: Dataset split successfully for BTC]
[2024-05-06 15:19:03,834: INFO: 2674098266: Data transformed successfully for BTC]
[2024-05-06 15:19:03,846: INFO: 2674098266: Data transformation and generation completed successfully]
[2024-05-06 15:19:03,878: INFO: 2674098266: Splited dataset saved successfully for BTC]
[2024-05-06 15:19:03,916: INFO: 2674098266: Splited and transformed dataset saved successfully for BTC]
[2024-05-06 15:19:03,936: INFO: 2674098266: Final datasets saved successfully at: artifacts/data_final]
[2024-05-06 15:19:16,475: INFO: common: yaml file: config\config.yaml loaded successfully]
[2024-05-06 15:19:16,479: INFO: common: yaml file: params.yaml loaded successfully]
[2024-05-06 15:19:16,481: INFO: common: created directory at: artifacts]
[2024-05-06 15:19:16,482: INFO: common: created directory at: artifacts/prepare_base_model]
[2024-05-06 15:19:16,499: INFO: 330417884: Downloading trainX successful]
[2024-05-06 15:19:16,509: INFO: 330417884: Downloading trainX successful]
[2024-05-06 15:19:16,631: INFO: 330417884: Compiling model completed]
[2024-05-06 15:19:16,632: WARNING: saving_api: You are saving your model as an HDF5 file via `model.save()` or `keras.saving.save_model(model)`. This file format is considered legacy. We recommend using instead the native Keras format, e.g. `model.save('my_model.keras')` or `keras.saving.save_model(model, 'my_model.keras')`. ]
[2024-05-06 15:19:16,650: INFO: 330417884: model saved]
[2024-05-06 15:19:28,727: INFO: common: yaml file: config\config.yaml loaded successfully]
[2024-05-06 15:19:28,729: INFO: common: yaml file: params.yaml loaded successfully]
[2024-05-06 15:19:28,730: INFO: common: created directory at: artifacts]
[2024-05-06 15:19:28,730: INFO: common: created directory at: artifacts/training]
[2024-05-06 15:19:28,826: WARNING: legacy_h5_format: No training configuration found in the save file, so the model was *not* compiled. Compile it manually.]
[2024-05-06 15:19:28,827: INFO: 2730057079: Model loaded successfully]
[2024-05-06 15:20:32,071: INFO: common: yaml file: config\config.yaml loaded successfully]
[2024-05-06 15:20:32,076: INFO: common: yaml file: params.yaml loaded successfully]
[2024-05-06 15:20:32,078: INFO: common: created directory at: artifacts]
[2024-05-06 15:20:32,078: INFO: common: created directory at: artifacts/training]
[2024-05-06 15:20:32,158: WARNING: legacy_h5_format: No training configuration found in the save file, so the model was *not* compiled. Compile it manually.]
[2024-05-06 15:20:32,159: INFO: 2730057079: Model loaded successfully]
[2024-05-06 15:29:22,047: INFO: common: yaml file: config\config.yaml loaded successfully]
[2024-05-06 15:29:22,049: INFO: common: yaml file: params.yaml loaded successfully]
[2024-05-06 15:29:22,051: INFO: common: created directory at: artifacts]
[2024-05-06 15:29:22,051: INFO: common: created directory at: artifacts/training]
[2024-05-06 15:29:22,130: WARNING: legacy_h5_format: No training configuration found in the save file, so the model was *not* compiled. Compile it manually.]
[2024-05-06 15:29:22,132: INFO: 4065061834: Model loaded successfully]
[2024-05-07 16:52:04,045: INFO: common: yaml file: config\config.yaml loaded successfully]
[2024-05-07 16:52:04,056: INFO: common: yaml file: params.yaml loaded successfully]
[2024-05-07 16:52:04,058: INFO: common: created directory at: artifacts]
[2024-05-07 16:52:04,059: INFO: common: created directory at: artifacts/training]
[2024-05-07 16:52:04,472: WARNING: legacy_h5_format: No training configuration found in the save file, so the model was *not* compiled. Compile it manually.]
[2024-05-07 16:52:04,473: INFO: 3374801168: Model loaded successfully]
[2024-05-07 16:52:04,648: ERROR: 3374801168: eroor loading data]
[2024-05-07 16:53:42,514: INFO: common: yaml file: config\config.yaml loaded successfully]
[2024-05-07 16:53:42,517: INFO: common: yaml file: params.yaml loaded successfully]
[2024-05-07 16:53:42,518: INFO: common: created directory at: artifacts]
[2024-05-07 16:53:42,519: INFO: common: created directory at: artifacts/training]
[2024-05-07 16:53:42,638: WARNING: legacy_h5_format: No training configuration found in the save file, so the model was *not* compiled. Compile it manually.]
[2024-05-07 16:53:42,638: INFO: 935818481: Model loaded successfully]
[2024-05-07 16:53:42,653: ERROR: 935818481: Error loading data: name 'pd' is not defined]
[2024-05-07 16:54:09,630: INFO: common: yaml file: config\config.yaml loaded successfully]
[2024-05-07 16:54:09,632: INFO: common: yaml file: params.yaml loaded successfully]
[2024-05-07 16:54:09,633: INFO: common: created directory at: artifacts]
[2024-05-07 16:54:09,634: INFO: common: created directory at: artifacts/training]
[2024-05-07 16:54:09,720: WARNING: legacy_h5_format: No training configuration found in the save file, so the model was *not* compiled. Compile it manually.]
[2024-05-07 16:54:09,722: INFO: 935818481: Model loaded successfully]
[2024-05-07 16:57:14,948: INFO: common: json file saved at: scores.json]
[2024-05-07 17:54:34,042: INFO: common: yaml file: config\config.yaml loaded successfully]
[2024-05-07 17:54:34,045: INFO: common: yaml file: params.yaml loaded successfully]
[2024-05-07 17:54:34,047: INFO: common: created directory at: artifacts]
[2024-05-07 17:54:34,048: INFO: common: created directory at: artifacts/training]
[2024-05-07 17:54:34,234: WARNING: legacy_h5_format: No training configuration found in the save file, so the model was *not* compiled. Compile it manually.]
[2024-05-07 17:54:34,235: INFO: 2394170600: Model loaded successfully]
[2024-05-07 17:54:34,263: INFO: 2394170600: DATA loaded successfully]
[2024-05-07 17:58:38,661: INFO: common: json file saved at: scores.json]
[2024-05-07 18:01:46,215: INFO: common: yaml file: config\config.yaml loaded successfully]
[2024-05-07 18:01:46,218: INFO: common: yaml file: params.yaml loaded successfully]
[2024-05-07 18:01:46,218: INFO: common: created directory at: artifacts]
[2024-05-07 18:01:46,219: INFO: common: created directory at: artifacts/training]
[2024-05-07 18:01:46,309: WARNING: legacy_h5_format: No training configuration found in the save file, so the model was *not* compiled. Compile it manually.]
[2024-05-07 18:01:46,310: INFO: 3864871161: Model loaded successfully]
[2024-05-07 18:01:46,341: INFO: 3864871161: DATA loaded successfully]
[2024-05-07 18:48:39,639: INFO: common: yaml file: config\config.yaml loaded successfully]
[2024-05-07 18:48:39,641: INFO: common: yaml file: params.yaml loaded successfully]
[2024-05-07 18:48:39,642: INFO: common: created directory at: artifacts]
[2024-05-07 18:48:39,643: INFO: common: created directory at: artifacts/training]
[2024-05-07 18:48:39,722: WARNING: legacy_h5_format: No training configuration found in the save file, so the model was *not* compiled. Compile it manually.]
[2024-05-07 18:48:39,723: INFO: 209471682: Model loaded successfully]
[2024-05-07 18:48:39,757: INFO: 209471682: DATA loaded successfully]
[2024-05-07 18:52:22,658: INFO: common: json file saved at: scores.json]
[2024-05-07 18:53:39,378: INFO: common: yaml file: config\config.yaml loaded successfully]
[2024-05-07 18:53:39,382: INFO: common: yaml file: params.yaml loaded successfully]
[2024-05-07 18:53:39,383: INFO: common: created directory at: artifacts]
[2024-05-07 18:53:39,385: INFO: common: created directory at: artifacts/training]
[2024-05-07 18:53:39,468: WARNING: legacy_h5_format: No training configuration found in the save file, so the model was *not* compiled. Compile it manually.]
[2024-05-07 18:53:39,469: INFO: 3967916703: Model loaded successfully]
[2024-05-07 18:53:39,496: INFO: 3967916703: DATA loaded successfully]
[2024-05-07 18:57:37,204: INFO: common: json file saved at: scores.json]
[2024-05-07 18:58:35,691: INFO: common: yaml file: config\config.yaml loaded successfully]
[2024-05-07 18:58:35,695: INFO: common: yaml file: params.yaml loaded successfully]
[2024-05-07 18:58:35,696: INFO: common: created directory at: artifacts]
[2024-05-07 18:58:35,698: INFO: common: created directory at: artifacts/training]
[2024-05-07 18:58:35,783: WARNING: legacy_h5_format: No training configuration found in the save file, so the model was *not* compiled. Compile it manually.]
[2024-05-07 18:58:35,784: INFO: 1231914917: Model loaded successfully]
[2024-05-07 18:58:35,810: INFO: 1231914917: DATA loaded successfully]
[2024-05-07 19:01:38,281: INFO: common: json file saved at: scores.json]
[2024-05-07 19:39:23,648: INFO: common: yaml file: config\config.yaml loaded successfully]
[2024-05-07 19:39:23,654: INFO: common: yaml file: params.yaml loaded successfully]
[2024-05-07 19:39:23,655: INFO: common: created directory at: artifacts]
[2024-05-07 19:39:23,656: INFO: common: created directory at: artifacts/training]
[2024-05-07 19:39:23,761: WARNING: legacy_h5_format: No training configuration found in the save file, so the model was *not* compiled. Compile it manually.]
[2024-05-07 19:39:23,762: INFO: 1231914917: Model loaded successfully]
[2024-05-07 19:39:23,794: INFO: 1231914917: DATA loaded successfully]
[2024-05-07 19:40:53,906: INFO: common: json file saved at: scores.json]
[2024-05-07 19:48:57,763: INFO: common: yaml file: config\config.yaml loaded successfully]
[2024-05-07 19:48:57,765: INFO: common: yaml file: params.yaml loaded successfully]
[2024-05-07 19:48:57,766: INFO: common: created directory at: artifacts]
[2024-05-07 19:48:57,767: INFO: common: created directory at: artifacts/training]
[2024-05-07 19:48:57,849: WARNING: legacy_h5_format: No training configuration found in the save file, so the model was *not* compiled. Compile it manually.]
[2024-05-07 19:48:57,850: INFO: 1231914917: Model loaded successfully]
[2024-05-07 19:48:57,876: INFO: 1231914917: DATA loaded successfully]
[2024-05-07 19:50:25,040: INFO: common: json file saved at: scores.json]
[2024-05-09 16:19:03,341: INFO: main: >>>>>> stage DATA Ingestion stage started <<<<<<]
[2024-05-09 16:19:03,345: INFO: common: yaml file: config\config.yaml loaded successfully]
[2024-05-09 16:19:03,353: INFO: common: yaml file: params.yaml loaded successfully]
[2024-05-09 16:19:03,353: INFO: common: created directory at: artifacts]
[2024-05-09 16:19:03,353: INFO: common: created directory at: artifacts/data_ingestion]
[2024-05-09 16:19:04,570: INFO: data_ingestion: Downloaded data for BTC-USD]
[2024-05-09 16:19:04,623: INFO: data_ingestion: Added indicators to DataFrame]
[2024-05-09 16:19:44,886: INFO: data_ingestion: Downloaded data for TRANSACTION]
[2024-05-09 16:20:22,103: INFO: data_ingestion: Downloaded data for BLOCKS]
[2024-05-09 16:20:22,488: INFO: data_ingestion: Downloaded data for INT_RATE]
[2024-05-09 16:20:22,843: INFO: data_ingestion: Downloaded data for STOCK_PRICE]
[2024-05-09 16:20:23,282: INFO: data_ingestion: Downloaded data for INFLATION]
[2024-05-09 16:20:23,282: ERROR: main: 'DataIngestionConfig' object has no attribute 'dataset_name']
Traceback (most recent call last):
  File "C:\Users\amenm\OneDrive\Desktop\p2m_final\BTC_PRICE_PREDICTION-main\BTC_PRICE_PREDICTION-main\main.py", line 11, in <module>
    obj.main()
  File "C:\Users\amenm\OneDrive\Desktop\p2m_final\BTC_PRICE_PREDICTION-main\BTC_PRICE_PREDICTION-main\src\LSTM_BTC_Prediction\pipeline\stage_01_data_ingestion.py", line 21, in main
    data_ingestion.save_dataset()
  File "C:\Users\amenm\OneDrive\Desktop\p2m_final\BTC_PRICE_PREDICTION-main\BTC_PRICE_PREDICTION-main\src\LSTM_BTC_Prediction\components\data_ingestion.py", line 243, in save_dataset
    file_path = os.path.join(self.config.root_dir, f"{self.config.dataset_name}.csv")
AttributeError: 'DataIngestionConfig' object has no attribute 'dataset_name'
[2024-05-09 16:25:09,609: INFO: main: >>>>>> stage DATA Ingestion stage started <<<<<<]
[2024-05-09 16:25:09,613: INFO: common: yaml file: config\config.yaml loaded successfully]
[2024-05-09 16:25:09,613: INFO: common: yaml file: params.yaml loaded successfully]
[2024-05-09 16:25:09,613: INFO: common: created directory at: artifacts]
[2024-05-09 16:25:09,613: INFO: common: created directory at: artifacts/data_ingestion]
[2024-05-09 16:25:10,628: INFO: data_ingestion: Downloaded data for BTC-USD]
[2024-05-09 16:25:10,667: INFO: data_ingestion: Added indicators to DataFrame]
[2024-05-09 16:25:48,319: INFO: data_ingestion: Downloaded data for TRANSACTION]
[2024-05-09 16:26:25,911: INFO: data_ingestion: Downloaded data for BLOCKS]
[2024-05-09 16:26:26,375: INFO: data_ingestion: Downloaded data for INT_RATE]
[2024-05-09 16:26:26,682: INFO: data_ingestion: Downloaded data for STOCK_PRICE]
[2024-05-09 16:26:26,876: INFO: data_ingestion: Downloaded data for INFLATION]
[2024-05-09 16:26:26,969: INFO: main: >>>>>> stage DATA Ingestion stage completed <<<<<<

x==========x]
[2024-05-09 16:26:26,971: INFO: main: >>>>>> stage DATA Preprocessing stage started <<<<<<]
[2024-05-09 16:26:26,973: INFO: common: yaml file: config\config.yaml loaded successfully]
[2024-05-09 16:26:26,973: INFO: common: yaml file: params.yaml loaded successfully]
[2024-05-09 16:26:26,973: INFO: common: created directory at: artifacts]
[2024-05-09 16:26:26,973: INFO: common: created directory at: artifacts/data_ingestion]
[2024-05-09 16:26:26,993: INFO: data_preprocessing: Data loaded successfully for BTC]
[2024-05-09 16:26:26,997: INFO: data_preprocessing: Features selected successfully for BTC]
[2024-05-09 16:26:26,997: INFO: data_preprocessing: Dataset split successfully for BTC]
[2024-05-09 16:26:27,001: INFO: data_preprocessing: Data transformed successfully for BTC]
[2024-05-09 16:26:27,018: INFO: data_preprocessing: Data transformation and generation completed successfully]
[2024-05-09 16:26:27,052: INFO: data_preprocessing: Splited dataset saved successfully for BTC]
[2024-05-09 16:26:27,093: INFO: data_preprocessing: Splited and transformed dataset saved successfully for BTC]
[2024-05-09 16:26:27,122: INFO: data_preprocessing: Final datasets saved successfully at: artifacts/data_final]
[2024-05-09 16:26:27,125: INFO: main: >>>>>> stage DATA Preprocessing stage completed <<<<<<

x==========x]
[2024-05-09 16:26:27,125: INFO: main: >>>>>> stage Prepare base model stage started <<<<<<]
[2024-05-09 16:26:27,129: INFO: common: yaml file: config\config.yaml loaded successfully]
[2024-05-09 16:26:27,130: INFO: common: yaml file: params.yaml loaded successfully]
[2024-05-09 16:26:27,130: INFO: common: created directory at: artifacts]
[2024-05-09 16:26:27,130: INFO: common: created directory at: artifacts/prepare_base_model]
[2024-05-09 16:26:27,145: INFO: prepare_base_model: Downloading trainX successful]
[2024-05-09 16:26:27,154: INFO: prepare_base_model: Downloading trainX successful]
[2024-05-09 16:26:27,381: INFO: prepare_base_model: Compiling model completed]
[2024-05-09 16:26:27,381: WARNING: saving_api: You are saving your model as an HDF5 file via `model.save()` or `keras.saving.save_model(model)`. This file format is considered legacy. We recommend using instead the native Keras format, e.g. `model.save('my_model.keras')` or `keras.saving.save_model(model, 'my_model.keras')`. ]
[2024-05-09 16:26:27,422: INFO: prepare_base_model: model saved]
[2024-05-09 16:26:27,426: INFO: main: >>>>>> stage Prepare base model stage completed <<<<<<

x==========x]
[2024-05-09 16:26:27,426: INFO: main: >>>>>> stage Training started <<<<<<]
[2024-05-09 16:26:27,430: INFO: common: yaml file: config\config.yaml loaded successfully]
[2024-05-09 16:26:27,431: INFO: common: yaml file: params.yaml loaded successfully]
[2024-05-09 16:26:27,431: INFO: common: created directory at: artifacts]
[2024-05-09 16:26:27,431: INFO: common: created directory at: artifacts/training]
[2024-05-09 16:26:27,543: WARNING: legacy_h5_format: No training configuration found in the save file, so the model was *not* compiled. Compile it manually.]
[2024-05-09 16:26:27,543: INFO: model_training: Model loaded successfully]
[2024-05-09 16:26:27,637: INFO: model_training: DATA loaded successfully]
[2024-05-09 16:28:36,974: INFO: main: >>>>>> stage DATA Ingestion stage started <<<<<<]
[2024-05-09 16:28:36,977: INFO: common: yaml file: config\config.yaml loaded successfully]
[2024-05-09 16:28:36,982: INFO: common: yaml file: params.yaml loaded successfully]
[2024-05-09 16:28:36,982: INFO: common: created directory at: artifacts]
[2024-05-09 16:28:36,982: INFO: common: created directory at: artifacts/data_ingestion]
[2024-05-09 16:28:38,273: INFO: data_ingestion: Downloaded data for BTC-USD]
[2024-05-09 16:28:38,317: INFO: data_ingestion: Added indicators to DataFrame]
[2024-05-09 16:29:15,003: INFO: data_ingestion: Downloaded data for TRANSACTION]
[2024-05-09 16:29:51,637: INFO: data_ingestion: Downloaded data for BLOCKS]
[2024-05-09 16:29:52,024: INFO: data_ingestion: Downloaded data for INT_RATE]
[2024-05-09 16:29:52,217: INFO: data_ingestion: Downloaded data for STOCK_PRICE]
[2024-05-09 16:29:52,432: INFO: data_ingestion: Downloaded data for INFLATION]
[2024-05-09 16:29:52,497: INFO: main: >>>>>> stage DATA Ingestion stage completed <<<<<<

x==========x]
[2024-05-09 16:29:52,497: INFO: main: >>>>>> stage DATA Preprocessing stage started <<<<<<]
[2024-05-09 16:29:52,502: INFO: common: yaml file: config\config.yaml loaded successfully]
[2024-05-09 16:29:52,502: INFO: common: yaml file: params.yaml loaded successfully]
[2024-05-09 16:29:52,502: INFO: common: created directory at: artifacts]
[2024-05-09 16:29:52,502: INFO: common: created directory at: artifacts/data_ingestion]
[2024-05-09 16:29:52,526: INFO: data_preprocessing: Data loaded successfully for BTC]
[2024-05-09 16:29:52,526: INFO: data_preprocessing: Features selected successfully for BTC]
[2024-05-09 16:29:52,526: INFO: data_preprocessing: Dataset split successfully for BTC]
[2024-05-09 16:29:52,530: INFO: data_preprocessing: Data transformed successfully for BTC]
[2024-05-09 16:29:52,542: INFO: data_preprocessing: Data transformation and generation completed successfully]
[2024-05-09 16:29:52,576: INFO: data_preprocessing: Splited dataset saved successfully for BTC]
[2024-05-09 16:29:52,612: INFO: data_preprocessing: Splited and transformed dataset saved successfully for BTC]
[2024-05-09 16:29:52,646: INFO: data_preprocessing: Final datasets saved successfully at: artifacts/data_final]
[2024-05-09 16:29:52,648: INFO: main: >>>>>> stage DATA Preprocessing stage completed <<<<<<

x==========x]
[2024-05-09 16:29:52,649: INFO: main: >>>>>> stage Prepare base model stage started <<<<<<]
[2024-05-09 16:29:52,649: INFO: common: yaml file: config\config.yaml loaded successfully]
[2024-05-09 16:29:52,653: INFO: common: yaml file: params.yaml loaded successfully]
[2024-05-09 16:29:52,653: INFO: common: created directory at: artifacts]
[2024-05-09 16:29:52,653: INFO: common: created directory at: artifacts/prepare_base_model]
[2024-05-09 16:29:52,670: INFO: prepare_base_model: Downloading trainX successful]
[2024-05-09 16:29:52,678: INFO: prepare_base_model: Downloading trainX successful]
[2024-05-09 16:29:52,873: INFO: prepare_base_model: Compiling model completed]
[2024-05-09 16:29:52,874: WARNING: saving_api: You are saving your model as an HDF5 file via `model.save()` or `keras.saving.save_model(model)`. This file format is considered legacy. We recommend using instead the native Keras format, e.g. `model.save('my_model.keras')` or `keras.saving.save_model(model, 'my_model.keras')`. ]
[2024-05-09 16:29:52,897: INFO: prepare_base_model: model saved]
[2024-05-09 16:29:52,897: INFO: main: >>>>>> stage Prepare base model stage completed <<<<<<

x==========x]
[2024-05-09 16:29:52,897: INFO: main: >>>>>> stage Training started <<<<<<]
[2024-05-09 16:29:52,902: INFO: common: yaml file: config\config.yaml loaded successfully]
[2024-05-09 16:29:52,902: INFO: common: yaml file: params.yaml loaded successfully]
[2024-05-09 16:29:52,906: INFO: common: created directory at: artifacts]
[2024-05-09 16:29:52,906: INFO: common: created directory at: artifacts/training]
[2024-05-09 16:29:53,003: WARNING: legacy_h5_format: No training configuration found in the save file, so the model was *not* compiled. Compile it manually.]
[2024-05-09 16:29:53,007: INFO: model_training: Model loaded successfully]
[2024-05-09 16:29:53,086: INFO: model_training: DATA loaded successfully]
[2024-05-09 16:30:09,203: ERROR: main: name 'save_json' is not defined]
Traceback (most recent call last):
  File "C:\Users\amenm\OneDrive\Desktop\p2m_final\BTC_PRICE_PREDICTION-main\BTC_PRICE_PREDICTION-main\main.py", line 45, in <module>
    prepare_base_model.main()
  File "C:\Users\amenm\OneDrive\Desktop\p2m_final\BTC_PRICE_PREDICTION-main\BTC_PRICE_PREDICTION-main\src\LSTM_BTC_Prediction\pipeline\stage_04_model_training.py", line 17, in main
    training.train()
  File "C:\Users\amenm\OneDrive\Desktop\p2m_final\BTC_PRICE_PREDICTION-main\BTC_PRICE_PREDICTION-main\src\LSTM_BTC_Prediction\components\model_training.py", line 95, in train
    self.save_score(train_loss, val_loss, test_rmse)
  File "C:\Users\amenm\OneDrive\Desktop\p2m_final\BTC_PRICE_PREDICTION-main\BTC_PRICE_PREDICTION-main\src\LSTM_BTC_Prediction\components\model_training.py", line 45, in save_score
    save_json(path=Path("scores.json"), data=self.scores)
NameError: name 'save_json' is not defined
[2024-05-09 16:34:28,116: INFO: main: >>>>>> stage DATA Ingestion stage started <<<<<<]
[2024-05-09 16:34:28,120: INFO: common: yaml file: config\config.yaml loaded successfully]
[2024-05-09 16:34:28,121: INFO: common: yaml file: params.yaml loaded successfully]
[2024-05-09 16:34:28,121: INFO: common: created directory at: artifacts]
[2024-05-09 16:34:28,121: INFO: common: created directory at: artifacts/data_ingestion]
[2024-05-09 16:34:29,217: INFO: data_ingestion: Downloaded data for BTC-USD]
[2024-05-09 16:34:29,262: INFO: data_ingestion: Added indicators to DataFrame]
[2024-05-09 16:35:08,680: INFO: data_ingestion: Downloaded data for TRANSACTION]
[2024-05-09 16:35:45,361: INFO: data_ingestion: Downloaded data for BLOCKS]
[2024-05-09 16:35:45,755: INFO: data_ingestion: Downloaded data for INT_RATE]
[2024-05-09 16:35:45,954: INFO: data_ingestion: Downloaded data for STOCK_PRICE]
[2024-05-09 16:35:46,327: INFO: data_ingestion: Downloaded data for INFLATION]
[2024-05-09 16:35:46,393: INFO: main: >>>>>> stage DATA Ingestion stage completed <<<<<<

x==========x]
[2024-05-09 16:35:46,393: INFO: main: >>>>>> stage DATA Preprocessing stage started <<<<<<]
[2024-05-09 16:35:46,398: INFO: common: yaml file: config\config.yaml loaded successfully]
[2024-05-09 16:35:46,398: INFO: common: yaml file: params.yaml loaded successfully]
[2024-05-09 16:35:46,398: INFO: common: created directory at: artifacts]
[2024-05-09 16:35:46,398: INFO: common: created directory at: artifacts/data_ingestion]
[2024-05-09 16:35:46,422: INFO: data_preprocessing: Data loaded successfully for BTC]
[2024-05-09 16:35:46,426: INFO: data_preprocessing: Features selected successfully for BTC]
[2024-05-09 16:35:46,426: INFO: data_preprocessing: Dataset split successfully for BTC]
[2024-05-09 16:35:46,430: INFO: data_preprocessing: Data transformed successfully for BTC]
[2024-05-09 16:35:46,446: INFO: data_preprocessing: Data transformation and generation completed successfully]
[2024-05-09 16:35:46,487: INFO: data_preprocessing: Splited dataset saved successfully for BTC]
[2024-05-09 16:35:46,532: INFO: data_preprocessing: Splited and transformed dataset saved successfully for BTC]
[2024-05-09 16:35:46,561: INFO: data_preprocessing: Final datasets saved successfully at: artifacts/data_final]
[2024-05-09 16:35:46,565: INFO: main: >>>>>> stage DATA Preprocessing stage completed <<<<<<

x==========x]
[2024-05-09 16:35:46,565: INFO: main: >>>>>> stage Prepare base model stage started <<<<<<]
[2024-05-09 16:35:46,569: INFO: common: yaml file: config\config.yaml loaded successfully]
[2024-05-09 16:35:46,571: INFO: common: yaml file: params.yaml loaded successfully]
[2024-05-09 16:35:46,571: INFO: common: created directory at: artifacts]
[2024-05-09 16:35:46,571: INFO: common: created directory at: artifacts/prepare_base_model]
[2024-05-09 16:35:46,582: INFO: prepare_base_model: Downloading trainX successful]
[2024-05-09 16:35:46,594: INFO: prepare_base_model: Downloading trainX successful]
[2024-05-09 16:35:46,807: INFO: prepare_base_model: Compiling model completed]
[2024-05-09 16:35:46,807: WARNING: saving_api: You are saving your model as an HDF5 file via `model.save()` or `keras.saving.save_model(model)`. This file format is considered legacy. We recommend using instead the native Keras format, e.g. `model.save('my_model.keras')` or `keras.saving.save_model(model, 'my_model.keras')`. ]
[2024-05-09 16:35:46,832: INFO: prepare_base_model: model saved]
[2024-05-09 16:35:46,832: INFO: main: >>>>>> stage Prepare base model stage completed <<<<<<

x==========x]
[2024-05-09 16:35:46,836: INFO: main: >>>>>> stage Training started <<<<<<]
[2024-05-09 16:35:46,837: INFO: common: yaml file: config\config.yaml loaded successfully]
[2024-05-09 16:35:46,841: INFO: common: yaml file: params.yaml loaded successfully]
[2024-05-09 16:35:46,841: INFO: common: created directory at: artifacts]
[2024-05-09 16:35:46,841: INFO: common: created directory at: artifacts/training]
[2024-05-09 16:35:46,948: WARNING: legacy_h5_format: No training configuration found in the save file, so the model was *not* compiled. Compile it manually.]
[2024-05-09 16:35:46,948: INFO: model_training: Model loaded successfully]
[2024-05-09 16:35:47,034: INFO: model_training: DATA loaded successfully]
[2024-05-09 16:36:03,232: INFO: common: json file saved at: scores.json]
[2024-05-09 16:36:09,461: INFO: main: >>>>>> stage Training completed <<<<<<

x==========x]
